{"/Users/oluchi/testing-react-applications-with-jest-and-react-testing-library-6045230/src/App.tsx": {"path":"/Users/oluchi/testing-react-applications-with-jest-and-react-testing-library-6045230/src/App.tsx","all":true,"statementMap":{"0":{"start":{"line":1,"column":0},"end":{"line":1,"column":18}},"1":{"start":{"line":2,"column":0},"end":{"line":2,"column":40}},"3":{"start":{"line":4,"column":0},"end":{"line":4,"column":16}},"4":{"start":{"line":5,"column":0},"end":{"line":5,"column":10}},"5":{"start":{"line":6,"column":0},"end":{"line":6,"column":9}},"6":{"start":{"line":7,"column":0},"end":{"line":7,"column":10}},"8":{"start":{"line":9,"column":0},"end":{"line":9,"column":11}},"9":{"start":{"line":10,"column":0},"end":{"line":10,"column":56}},"10":{"start":{"line":11,"column":0},"end":{"line":11,"column":10}},"12":{"start":{"line":13,"column":0},"end":{"line":13,"column":1}},"14":{"start":{"line":15,"column":0},"end":{"line":15,"column":18}}},"s":{"0":0,"1":0,"3":0,"4":0,"5":0,"6":0,"8":0,"9":0,"10":0,"12":0,"14":0},"branchMap":{"0":{"type":"branch","line":1,"loc":{"start":{"line":1,"column":105},"end":{"line":15,"column":-166}},"locations":[{"start":{"line":1,"column":105},"end":{"line":15,"column":-166}}]}},"b":{"0":[0]},"fnMap":{"0":{"name":"(empty-report)","decl":{"start":{"line":1,"column":105},"end":{"line":15,"column":-166}},"loc":{"start":{"line":1,"column":105},"end":{"line":15,"column":-166}},"line":1}},"f":{"0":0}}
,"/Users/oluchi/testing-react-applications-with-jest-and-react-testing-library-6045230/src/components/Button.tsx": {"path":"/Users/oluchi/testing-react-applications-with-jest-and-react-testing-library-6045230/src/components/Button.tsx","all":false,"statementMap":{"7":{"start":{"line":8,"column":0},"end":{"line":8,"column":63}},"8":{"start":{"line":9,"column":0},"end":{"line":9,"column":52}},"9":{"start":{"line":10,"column":0},"end":{"line":10,"column":2}},"11":{"start":{"line":12,"column":0},"end":{"line":12,"column":22}}},"s":{"7":1,"8":2,"9":2,"11":1},"branchMap":{"0":{"type":"branch","line":8,"loc":{"start":{"line":8,"column":38},"end":{"line":10,"column":2}},"locations":[{"start":{"line":8,"column":38},"end":{"line":10,"column":2}}]}},"b":{"0":[2]},"fnMap":{"0":{"name":"Button","decl":{"start":{"line":8,"column":38},"end":{"line":10,"column":2}},"loc":{"start":{"line":8,"column":38},"end":{"line":10,"column":2}},"line":8}},"f":{"0":2}}
}
