{"/workspaces/testing-react-applications-with-jest-and-react-testing-library-6045230/04_solution/src/App.tsx": {"path":"/workspaces/testing-react-applications-with-jest-and-react-testing-library-6045230/04_solution/src/App.tsx","all":false,"statementMap":{"1":{"start":{"line":2,"column":0},"end":{"line":2,"column":74}},"2":{"start":{"line":3,"column":0},"end":{"line":3,"column":39}},"3":{"start":{"line":4,"column":0},"end":{"line":4,"column":54}},"4":{"start":{"line":5,"column":0},"end":{"line":5,"column":45}},"5":{"start":{"line":6,"column":0},"end":{"line":6,"column":36}},"6":{"start":{"line":7,"column":0},"end":{"line":7,"column":36}},"7":{"start":{"line":8,"column":0},"end":{"line":8,"column":38}},"8":{"start":{"line":9,"column":0},"end":{"line":9,"column":44}},"9":{"start":{"line":10,"column":0},"end":{"line":10,"column":48}},"11":{"start":{"line":12,"column":0},"end":{"line":12,"column":32}},"16":{"start":{"line":17,"column":0},"end":{"line":17,"column":32}},"22":{"start":{"line":23,"column":0},"end":{"line":23,"column":16}},"23":{"start":{"line":24,"column":0},"end":{"line":24,"column":10}},"24":{"start":{"line":25,"column":0},"end":{"line":25,"column":18}},"25":{"start":{"line":26,"column":0},"end":{"line":26,"column":14}},"26":{"start":{"line":27,"column":0},"end":{"line":27,"column":22}},"27":{"start":{"line":28,"column":0},"end":{"line":28,"column":20}},"28":{"start":{"line":29,"column":0},"end":{"line":29,"column":23}},"29":{"start":{"line":30,"column":0},"end":{"line":30,"column":20}},"30":{"start":{"line":31,"column":0},"end":{"line":31,"column":51}},"31":{"start":{"line":32,"column":0},"end":{"line":32,"column":59}},"32":{"start":{"line":33,"column":0},"end":{"line":33,"column":57}},"33":{"start":{"line":34,"column":0},"end":{"line":34,"column":63}},"34":{"start":{"line":35,"column":0},"end":{"line":35,"column":63}},"35":{"start":{"line":36,"column":0},"end":{"line":36,"column":21}},"36":{"start":{"line":37,"column":0},"end":{"line":37,"column":24}},"37":{"start":{"line":38,"column":0},"end":{"line":38,"column":23}},"38":{"start":{"line":39,"column":0},"end":{"line":39,"column":15}},"39":{"start":{"line":40,"column":0},"end":{"line":40,"column":19}},"41":{"start":{"line":42,"column":0},"end":{"line":42,"column":1}},"43":{"start":{"line":44,"column":0},"end":{"line":44,"column":19}}},"s":{"1":1,"2":1,"3":1,"4":1,"5":1,"6":1,"7":1,"8":1,"9":1,"11":1,"16":1,"22":1,"23":1,"24":1,"25":1,"26":1,"27":1,"28":1,"29":1,"30":1,"31":1,"32":1,"33":1,"34":1,"35":1,"36":1,"37":1,"38":1,"39":1,"41":1,"43":1},"branchMap":{"0":{"type":"branch","line":23,"loc":{"start":{"line":23,"column":0},"end":{"line":42,"column":1}},"locations":[{"start":{"line":23,"column":0},"end":{"line":42,"column":1}}]}},"b":{"0":[1]},"fnMap":{"0":{"name":"App","decl":{"start":{"line":23,"column":0},"end":{"line":42,"column":1}},"loc":{"start":{"line":23,"column":0},"end":{"line":42,"column":1}},"line":23}},"f":{"0":1}}
,"/workspaces/testing-react-applications-with-jest-and-react-testing-library-6045230/04_solution/src/components/Comment.tsx": {"path":"/workspaces/testing-react-applications-with-jest-and-react-testing-library-6045230/04_solution/src/components/Comment.tsx","all":false,"statementMap":{"0":{"start":{"line":1,"column":0},"end":{"line":1,"column":33}},"1":{"start":{"line":2,"column":0},"end":{"line":2,"column":39}},"2":{"start":{"line":3,"column":0},"end":{"line":3,"column":53}},"3":{"start":{"line":4,"column":0},"end":{"line":4,"column":44}},"6":{"start":{"line":7,"column":0},"end":{"line":7,"column":36}},"19":{"start":{"line":20,"column":0},"end":{"line":20,"column":33}},"28":{"start":{"line":29,"column":0},"end":{"line":29,"column":33}},"46":{"start":{"line":47,"column":0},"end":{"line":47,"column":34}},"51":{"start":{"line":52,"column":0},"end":{"line":52,"column":35}},"66":{"start":{"line":67,"column":0},"end":{"line":67,"column":32}},"81":{"start":{"line":82,"column":0},"end":{"line":82,"column":81}},"82":{"start":{"line":83,"column":0},"end":{"line":83,"column":52}},"84":{"start":{"line":85,"column":0},"end":{"line":85,"column":66}},"85":{"start":{"line":86,"column":0},"end":{"line":86,"column":38}},"86":{"start":{"line":87,"column":0},"end":{"line":87,"column":24}},"87":{"start":{"line":88,"column":0},"end":{"line":88,"column":4}},"89":{"start":{"line":90,"column":0},"end":{"line":90,"column":36}},"90":{"start":{"line":91,"column":0},"end":{"line":91,"column":74}},"91":{"start":{"line":92,"column":0},"end":{"line":92,"column":33}},"92":{"start":{"line":93,"column":0},"end":{"line":93,"column":5}},"93":{"start":{"line":94,"column":0},"end":{"line":94,"column":4}},"95":{"start":{"line":96,"column":0},"end":{"line":96,"column":18}},"96":{"start":{"line":97,"column":0},"end":{"line":97,"column":12}},"97":{"start":{"line":98,"column":0},"end":{"line":98,"column":24}},"98":{"start":{"line":99,"column":0},"end":{"line":99,"column":20}},"99":{"start":{"line":100,"column":0},"end":{"line":100,"column":31}},"100":{"start":{"line":101,"column":0},"end":{"line":101,"column":37}},"101":{"start":{"line":102,"column":0},"end":{"line":102,"column":36}},"102":{"start":{"line":103,"column":0},"end":{"line":103,"column":34}},"103":{"start":{"line":104,"column":0},"end":{"line":104,"column":10}},"104":{"start":{"line":105,"column":0},"end":{"line":105,"column":25}},"106":{"start":{"line":107,"column":0},"end":{"line":107,"column":3}},"108":{"start":{"line":109,"column":0},"end":{"line":109,"column":10}},"109":{"start":{"line":110,"column":0},"end":{"line":110,"column":22}},"110":{"start":{"line":111,"column":0},"end":{"line":111,"column":21}},"111":{"start":{"line":112,"column":0},"end":{"line":112,"column":23}},"112":{"start":{"line":113,"column":0},"end":{"line":113,"column":33}},"113":{"start":{"line":114,"column":0},"end":{"line":114,"column":13}},"114":{"start":{"line":115,"column":0},"end":{"line":115,"column":31}},"115":{"start":{"line":116,"column":0},"end":{"line":116,"column":45}},"116":{"start":{"line":117,"column":0},"end":{"line":117,"column":14}},"117":{"start":{"line":118,"column":0},"end":{"line":118,"column":24}},"118":{"start":{"line":119,"column":0},"end":{"line":119,"column":23}},"119":{"start":{"line":120,"column":0},"end":{"line":120,"column":26}},"120":{"start":{"line":121,"column":0},"end":{"line":121,"column":112}},"121":{"start":{"line":122,"column":0},"end":{"line":122,"column":34}},"122":{"start":{"line":123,"column":0},"end":{"line":123,"column":27}},"123":{"start":{"line":124,"column":0},"end":{"line":124,"column":104}},"124":{"start":{"line":125,"column":0},"end":{"line":125,"column":34}},"125":{"start":{"line":126,"column":0},"end":{"line":126,"column":27}},"126":{"start":{"line":127,"column":0},"end":{"line":127,"column":27}},"128":{"start":{"line":129,"column":0},"end":{"line":129,"column":22}},"129":{"start":{"line":130,"column":0},"end":{"line":130,"column":53}},"130":{"start":{"line":131,"column":0},"end":{"line":131,"column":23}},"132":{"start":{"line":133,"column":0},"end":{"line":133,"column":1}}},"s":{"0":1,"1":1,"2":1,"3":1,"6":1,"19":1,"28":1,"46":1,"51":1,"66":1,"81":1,"82":31,"84":31,"85":4,"86":4,"87":4,"89":31,"90":3,"91":2,"92":2,"93":3,"95":31,"96":7,"97":7,"98":7,"99":7,"100":7,"101":7,"102":7,"103":7,"104":7,"106":7,"108":24,"109":24,"110":24,"111":24,"112":24,"113":24,"114":24,"115":24,"116":24,"117":24,"118":24,"119":23,"120":23,"121":23,"122":23,"123":23,"124":23,"125":23,"126":23,"128":31,"129":31,"130":31,"132":31},"branchMap":{"0":{"type":"branch","line":82,"loc":{"start":{"line":82,"column":7},"end":{"line":133,"column":1}},"locations":[{"start":{"line":82,"column":7},"end":{"line":133,"column":1}}]},"1":{"type":"branch","line":96,"loc":{"start":{"line":96,"column":17},"end":{"line":107,"column":3}},"locations":[{"start":{"line":96,"column":17},"end":{"line":107,"column":3}}]},"2":{"type":"branch","line":107,"loc":{"start":{"line":107,"column":2},"end":{"line":127,"column":27}},"locations":[{"start":{"line":107,"column":2},"end":{"line":127,"column":27}}]},"3":{"type":"branch","line":107,"loc":{"start":{"line":107,"column":2},"end":{"line":119,"column":23}},"locations":[{"start":{"line":107,"column":2},"end":{"line":119,"column":23}}]},"4":{"type":"branch","line":119,"loc":{"start":{"line":119,"column":9},"end":{"line":127,"column":27}},"locations":[{"start":{"line":119,"column":9},"end":{"line":127,"column":27}}]},"5":{"type":"branch","line":85,"loc":{"start":{"line":85,"column":21},"end":{"line":88,"column":4}},"locations":[{"start":{"line":85,"column":21},"end":{"line":88,"column":4}}]},"6":{"type":"branch","line":90,"loc":{"start":{"line":90,"column":23},"end":{"line":94,"column":4}},"locations":[{"start":{"line":90,"column":23},"end":{"line":94,"column":4}}]},"7":{"type":"branch","line":91,"loc":{"start":{"line":91,"column":73},"end":{"line":93,"column":5}},"locations":[{"start":{"line":91,"column":73},"end":{"line":93,"column":5}}]},"8":{"type":"branch","line":121,"loc":{"start":{"line":121,"column":35},"end":{"line":121,"column":61}},"locations":[{"start":{"line":121,"column":35},"end":{"line":121,"column":61}}]}},"b":{"0":[31],"1":[7],"2":[25],"3":[24],"4":[23],"5":[4],"6":[3],"7":[2],"8":[4]},"fnMap":{"0":{"name":"Comment","decl":{"start":{"line":82,"column":7},"end":{"line":133,"column":1}},"loc":{"start":{"line":82,"column":7},"end":{"line":133,"column":1}},"line":82},"1":{"name":"handleEdit","decl":{"start":{"line":85,"column":21},"end":{"line":88,"column":4}},"loc":{"start":{"line":85,"column":21},"end":{"line":88,"column":4}},"line":85},"2":{"name":"handleDelete","decl":{"start":{"line":90,"column":23},"end":{"line":94,"column":4}},"loc":{"start":{"line":90,"column":23},"end":{"line":94,"column":4}},"line":90},"3":{"name":"onClick","decl":{"start":{"line":121,"column":35},"end":{"line":121,"column":61}},"loc":{"start":{"line":121,"column":35},"end":{"line":121,"column":61}},"line":121}},"f":{"0":31,"1":4,"2":3,"3":4}}
,"/workspaces/testing-react-applications-with-jest-and-react-testing-library-6045230/04_solution/src/components/CommentForm.tsx": {"path":"/workspaces/testing-react-applications-with-jest-and-react-testing-library-6045230/04_solution/src/components/CommentForm.tsx","all":false,"statementMap":{"0":{"start":{"line":1,"column":0},"end":{"line":1,"column":42}},"1":{"start":{"line":2,"column":0},"end":{"line":2,"column":24}},"2":{"start":{"line":3,"column":0},"end":{"line":3,"column":54}},"3":{"start":{"line":4,"column":0},"end":{"line":4,"column":39}},"5":{"start":{"line":6,"column":0},"end":{"line":6,"column":32}},"6":{"start":{"line":7,"column":0},"end":{"line":7,"column":12}},"7":{"start":{"line":8,"column":0},"end":{"line":8,"column":13}},"8":{"start":{"line":9,"column":0},"end":{"line":9,"column":38}},"9":{"start":{"line":10,"column":0},"end":{"line":10,"column":48}},"10":{"start":{"line":11,"column":0},"end":{"line":11,"column":65}},"11":{"start":{"line":12,"column":0},"end":{"line":12,"column":49}},"12":{"start":{"line":13,"column":0},"end":{"line":13,"column":7}},"13":{"start":{"line":14,"column":0},"end":{"line":14,"column":3}},"17":{"start":{"line":18,"column":0},"end":{"line":18,"column":25}},"21":{"start":{"line":22,"column":0},"end":{"line":22,"column":33}},"36":{"start":{"line":37,"column":0},"end":{"line":37,"column":30}},"42":{"start":{"line":43,"column":0},"end":{"line":43,"column":35}},"69":{"start":{"line":70,"column":0},"end":{"line":70,"column":29}},"70":{"start":{"line":71,"column":0},"end":{"line":71,"column":11}},"71":{"start":{"line":72,"column":0},"end":{"line":72,"column":20}},"72":{"start":{"line":73,"column":0},"end":{"line":73,"column":31}},"73":{"start":{"line":74,"column":0},"end":{"line":74,"column":29}},"74":{"start":{"line":75,"column":0},"end":{"line":75,"column":22}},"75":{"start":{"line":76,"column":0},"end":{"line":76,"column":9}},"76":{"start":{"line":77,"column":0},"end":{"line":77,"column":13}},"77":{"start":{"line":78,"column":0},"end":{"line":78,"column":17}},"78":{"start":{"line":79,"column":0},"end":{"line":79,"column":40}},"79":{"start":{"line":80,"column":0},"end":{"line":80,"column":10}},"80":{"start":{"line":81,"column":0},"end":{"line":81,"column":32}},"81":{"start":{"line":82,"column":0},"end":{"line":82,"column":41}},"82":{"start":{"line":83,"column":0},"end":{"line":83,"column":20}},"83":{"start":{"line":84,"column":0},"end":{"line":84,"column":28}},"84":{"start":{"line":85,"column":0},"end":{"line":85,"column":6}},"85":{"start":{"line":86,"column":0},"end":{"line":86,"column":5}},"87":{"start":{"line":88,"column":0},"end":{"line":88,"column":61}},"88":{"start":{"line":89,"column":0},"end":{"line":89,"column":25}},"89":{"start":{"line":90,"column":0},"end":{"line":90,"column":24}},"90":{"start":{"line":91,"column":0},"end":{"line":91,"column":14}},"91":{"start":{"line":92,"column":0},"end":{"line":92,"column":5}},"92":{"start":{"line":93,"column":0},"end":{"line":93,"column":4}},"94":{"start":{"line":95,"column":0},"end":{"line":95,"column":10}},"95":{"start":{"line":96,"column":0},"end":{"line":96,"column":52}},"96":{"start":{"line":97,"column":0},"end":{"line":97,"column":15}},"97":{"start":{"line":98,"column":0},"end":{"line":98,"column":32}},"98":{"start":{"line":99,"column":0},"end":{"line":99,"column":43}},"99":{"start":{"line":100,"column":0},"end":{"line":100,"column":33}},"100":{"start":{"line":101,"column":0},"end":{"line":101,"column":8}},"101":{"start":{"line":102,"column":0},"end":{"line":102,"column":26}},"102":{"start":{"line":103,"column":0},"end":{"line":103,"column":61}},"104":{"start":{"line":105,"column":0},"end":{"line":105,"column":58}},"105":{"start":{"line":106,"column":0},"end":{"line":106,"column":54}},"106":{"start":{"line":107,"column":0},"end":{"line":107,"column":21}},"107":{"start":{"line":108,"column":0},"end":{"line":108,"column":11}},"109":{"start":{"line":110,"column":0},"end":{"line":110,"column":1}}},"s":{"0":1,"1":1,"2":1,"3":1,"5":1,"6":1,"7":1,"8":1,"9":1,"10":1,"11":1,"12":1,"13":1,"17":1,"21":1,"36":1,"42":1,"69":1,"70":36,"71":36,"72":36,"73":36,"74":36,"75":36,"76":36,"77":36,"78":36,"79":36,"80":36,"81":36,"82":36,"83":36,"84":36,"85":36,"87":36,"88":6,"89":6,"90":2,"91":2,"92":6,"94":36,"95":36,"96":36,"97":36,"98":36,"99":36,"100":36,"101":36,"102":0,"104":36,"105":36,"106":36,"107":36,"109":36},"branchMap":{"0":{"type":"branch","line":11,"loc":{"start":{"line":11,"column":12},"end":{"line":11,"column":64}},"locations":[{"start":{"line":11,"column":12},"end":{"line":11,"column":64}}]},"1":{"type":"branch","line":70,"loc":{"start":{"line":70,"column":7},"end":{"line":110,"column":1}},"locations":[{"start":{"line":70,"column":7},"end":{"line":110,"column":1}}]},"2":{"type":"branch","line":102,"loc":{"start":{"line":102,"column":14},"end":{"line":103,"column":61}},"locations":[{"start":{"line":102,"column":14},"end":{"line":103,"column":61}}]},"3":{"type":"branch","line":106,"loc":{"start":{"line":106,"column":9},"end":{"line":106,"column":42}},"locations":[{"start":{"line":106,"column":9},"end":{"line":106,"column":42}}]},"4":{"type":"branch","line":106,"loc":{"start":{"line":106,"column":24},"end":{"line":106,"column":54}},"locations":[{"start":{"line":106,"column":24},"end":{"line":106,"column":54}}]},"5":{"type":"branch","line":88,"loc":{"start":{"line":88,"column":27},"end":{"line":93,"column":4}},"locations":[{"start":{"line":88,"column":27},"end":{"line":93,"column":4}}]},"6":{"type":"branch","line":90,"loc":{"start":{"line":90,"column":23},"end":{"line":92,"column":5}},"locations":[{"start":{"line":90,"column":23},"end":{"line":92,"column":5}}]}},"b":{"0":[6],"1":[36],"2":[0],"3":[13],"4":[23],"5":[6],"6":[2]},"fnMap":{"0":{"name":"__vite_ssr_import_2__.z.object.content.__vite_ssr_import_2__.z.string.min.max.refine.message","decl":{"start":{"line":11,"column":12},"end":{"line":11,"column":64}},"loc":{"start":{"line":11,"column":12},"end":{"line":11,"column":64}},"line":11},"1":{"name":"CommentForm","decl":{"start":{"line":70,"column":7},"end":{"line":110,"column":1}},"loc":{"start":{"line":70,"column":7},"end":{"line":110,"column":1}},"line":70},"2":{"name":"handleFormSubmit","decl":{"start":{"line":88,"column":27},"end":{"line":93,"column":4}},"loc":{"start":{"line":88,"column":27},"end":{"line":93,"column":4}},"line":88}},"f":{"0":6,"1":36,"2":6}}
,"/workspaces/testing-react-applications-with-jest-and-react-testing-library-6045230/04_solution/src/components/Navbar.tsx": {"path":"/workspaces/testing-react-applications-with-jest-and-react-testing-library-6045230/04_solution/src/components/Navbar.tsx","all":false,"statementMap":{"1":{"start":{"line":2,"column":0},"end":{"line":2,"column":40}},"2":{"start":{"line":3,"column":0},"end":{"line":3,"column":57}},"3":{"start":{"line":4,"column":0},"end":{"line":4,"column":39}},"4":{"start":{"line":5,"column":0},"end":{"line":5,"column":50}},"6":{"start":{"line":7,"column":0},"end":{"line":7,"column":23}},"11":{"start":{"line":12,"column":0},"end":{"line":12,"column":32}},"17":{"start":{"line":18,"column":0},"end":{"line":18,"column":30}},"24":{"start":{"line":25,"column":0},"end":{"line":25,"column":26}},"38":{"start":{"line":39,"column":0},"end":{"line":39,"column":28}},"44":{"start":{"line":45,"column":0},"end":{"line":45,"column":29}},"59":{"start":{"line":60,"column":0},"end":{"line":60,"column":36}},"76":{"start":{"line":77,"column":0},"end":{"line":77,"column":26}},"77":{"start":{"line":78,"column":0},"end":{"line":78,"column":38}},"79":{"start":{"line":80,"column":0},"end":{"line":80,"column":10}},"80":{"start":{"line":81,"column":0},"end":{"line":81,"column":9}},"81":{"start":{"line":82,"column":0},"end":{"line":82,"column":20}},"82":{"start":{"line":83,"column":0},"end":{"line":83,"column":20}},"83":{"start":{"line":84,"column":0},"end":{"line":84,"column":23}},"84":{"start":{"line":85,"column":0},"end":{"line":85,"column":34}},"85":{"start":{"line":86,"column":0},"end":{"line":86,"column":35}},"86":{"start":{"line":87,"column":0},"end":{"line":87,"column":17}},"87":{"start":{"line":88,"column":0},"end":{"line":88,"column":20}},"88":{"start":{"line":89,"column":0},"end":{"line":89,"column":21}},"89":{"start":{"line":90,"column":0},"end":{"line":90,"column":16}},"90":{"start":{"line":91,"column":0},"end":{"line":91,"column":59}},"91":{"start":{"line":92,"column":0},"end":{"line":92,"column":73}},"92":{"start":{"line":93,"column":0},"end":{"line":93,"column":17}},"94":{"start":{"line":95,"column":0},"end":{"line":95,"column":16}},"95":{"start":{"line":96,"column":0},"end":{"line":96,"column":37}},"96":{"start":{"line":97,"column":0},"end":{"line":97,"column":37}},"97":{"start":{"line":98,"column":0},"end":{"line":98,"column":38}},"98":{"start":{"line":99,"column":0},"end":{"line":99,"column":26}},"99":{"start":{"line":100,"column":0},"end":{"line":100,"column":40}},"100":{"start":{"line":101,"column":0},"end":{"line":101,"column":40}},"101":{"start":{"line":102,"column":0},"end":{"line":102,"column":38}},"102":{"start":{"line":103,"column":0},"end":{"line":103,"column":26}},"103":{"start":{"line":104,"column":0},"end":{"line":104,"column":17}},"105":{"start":{"line":106,"column":0},"end":{"line":106,"column":21}},"106":{"start":{"line":107,"column":0},"end":{"line":107,"column":21}},"107":{"start":{"line":108,"column":0},"end":{"line":108,"column":21}},"108":{"start":{"line":109,"column":0},"end":{"line":109,"column":10}},"110":{"start":{"line":111,"column":0},"end":{"line":111,"column":1}}},"s":{"1":1,"2":1,"3":1,"4":1,"6":1,"11":1,"17":1,"24":1,"38":1,"44":1,"59":1,"76":1,"77":4,"79":4,"80":4,"81":4,"82":4,"83":4,"84":4,"85":4,"86":4,"87":4,"88":4,"89":2,"90":2,"91":2,"92":2,"94":2,"95":2,"96":2,"97":2,"98":2,"99":2,"100":2,"101":2,"102":2,"103":2,"105":4,"106":4,"107":4,"108":4,"110":4},"branchMap":{"0":{"type":"branch","line":77,"loc":{"start":{"line":77,"column":7},"end":{"line":111,"column":1}},"locations":[{"start":{"line":77,"column":7},"end":{"line":111,"column":1}}]},"1":{"type":"branch","line":89,"loc":{"start":{"line":89,"column":13},"end":{"line":93,"column":17}},"locations":[{"start":{"line":89,"column":13},"end":{"line":93,"column":17}}]},"2":{"type":"branch","line":93,"loc":{"start":{"line":93,"column":14},"end":{"line":104,"column":17}},"locations":[{"start":{"line":93,"column":14},"end":{"line":104,"column":17}}]}},"b":{"0":[4],"1":[2],"2":[2]},"fnMap":{"0":{"name":"Navbar","decl":{"start":{"line":77,"column":7},"end":{"line":111,"column":1}},"loc":{"start":{"line":77,"column":7},"end":{"line":111,"column":1}},"line":77}},"f":{"0":4}}
,"/workspaces/testing-react-applications-with-jest-and-react-testing-library-6045230/04_solution/src/components/PostCard.tsx": {"path":"/workspaces/testing-react-applications-with-jest-and-react-testing-library-6045230/04_solution/src/components/PostCard.tsx","all":false,"statementMap":{"1":{"start":{"line":2,"column":0},"end":{"line":2,"column":40}},"2":{"start":{"line":3,"column":0},"end":{"line":3,"column":71}},"3":{"start":{"line":4,"column":0},"end":{"line":4,"column":39}},"6":{"start":{"line":7,"column":0},"end":{"line":7,"column":31}},"24":{"start":{"line":25,"column":0},"end":{"line":25,"column":29}},"30":{"start":{"line":31,"column":0},"end":{"line":31,"column":22}},"35":{"start":{"line":36,"column":0},"end":{"line":36,"column":31}},"39":{"start":{"line":40,"column":0},"end":{"line":40,"column":28}},"47":{"start":{"line":48,"column":0},"end":{"line":48,"column":29}},"53":{"start":{"line":54,"column":0},"end":{"line":54,"column":28}},"61":{"start":{"line":62,"column":0},"end":{"line":62,"column":30}},"75":{"start":{"line":76,"column":0},"end":{"line":76,"column":29}},"80":{"start":{"line":81,"column":0},"end":{"line":81,"column":56}},"84":{"start":{"line":85,"column":0},"end":{"line":85,"column":59}},"85":{"start":{"line":86,"column":0},"end":{"line":86,"column":68}},"94":{"start":{"line":95,"column":0},"end":{"line":95,"column":66}},"113":{"start":{"line":114,"column":0},"end":{"line":114,"column":71}},"114":{"start":{"line":115,"column":0},"end":{"line":115,"column":10}},"115":{"start":{"line":116,"column":0},"end":{"line":116,"column":13}},"116":{"start":{"line":117,"column":0},"end":{"line":117,"column":36}},"117":{"start":{"line":118,"column":0},"end":{"line":118,"column":18}},"118":{"start":{"line":119,"column":0},"end":{"line":119,"column":63}},"119":{"start":{"line":120,"column":0},"end":{"line":120,"column":26}},"120":{"start":{"line":121,"column":0},"end":{"line":121,"column":10}},"121":{"start":{"line":122,"column":0},"end":{"line":122,"column":21}},"122":{"start":{"line":123,"column":0},"end":{"line":123,"column":45}},"123":{"start":{"line":124,"column":0},"end":{"line":124,"column":23}},"124":{"start":{"line":125,"column":0},"end":{"line":125,"column":37}},"125":{"start":{"line":126,"column":0},"end":{"line":126,"column":49}},"126":{"start":{"line":127,"column":0},"end":{"line":127,"column":24}},"127":{"start":{"line":128,"column":0},"end":{"line":128,"column":20}},"128":{"start":{"line":129,"column":0},"end":{"line":129,"column":24}},"129":{"start":{"line":130,"column":0},"end":{"line":130,"column":20}},"130":{"start":{"line":131,"column":0},"end":{"line":131,"column":34}},"131":{"start":{"line":132,"column":0},"end":{"line":132,"column":28}},"132":{"start":{"line":133,"column":0},"end":{"line":133,"column":21}},"133":{"start":{"line":134,"column":0},"end":{"line":134,"column":20}},"134":{"start":{"line":135,"column":0},"end":{"line":135,"column":38}},"135":{"start":{"line":136,"column":0},"end":{"line":136,"column":49}},"136":{"start":{"line":137,"column":0},"end":{"line":137,"column":21}},"137":{"start":{"line":138,"column":0},"end":{"line":138,"column":25}},"138":{"start":{"line":139,"column":0},"end":{"line":139,"column":23}},"139":{"start":{"line":140,"column":0},"end":{"line":140,"column":25}},"140":{"start":{"line":141,"column":0},"end":{"line":141,"column":51}},"141":{"start":{"line":142,"column":0},"end":{"line":142,"column":38}},"143":{"start":{"line":144,"column":0},"end":{"line":144,"column":38}},"144":{"start":{"line":145,"column":0},"end":{"line":145,"column":46}},"145":{"start":{"line":146,"column":0},"end":{"line":146,"column":27}},"146":{"start":{"line":147,"column":0},"end":{"line":147,"column":35}},"147":{"start":{"line":148,"column":0},"end":{"line":148,"column":43}},"148":{"start":{"line":149,"column":0},"end":{"line":149,"column":49}},"149":{"start":{"line":150,"column":0},"end":{"line":150,"column":27}},"150":{"start":{"line":151,"column":0},"end":{"line":151,"column":24}},"151":{"start":{"line":152,"column":0},"end":{"line":152,"column":21}},"152":{"start":{"line":153,"column":0},"end":{"line":153,"column":22}},"153":{"start":{"line":154,"column":0},"end":{"line":154,"column":13}},"154":{"start":{"line":155,"column":0},"end":{"line":155,"column":14}},"156":{"start":{"line":157,"column":0},"end":{"line":157,"column":1}}},"s":{"1":1,"2":1,"3":1,"6":1,"24":1,"30":1,"35":1,"39":1,"47":1,"53":1,"61":1,"75":1,"80":1,"84":1,"85":1,"94":1,"113":1,"114":18,"115":18,"116":18,"117":18,"118":18,"119":18,"120":18,"121":18,"122":18,"123":18,"124":18,"125":18,"126":18,"127":18,"128":18,"129":18,"130":18,"131":18,"132":18,"133":18,"134":18,"135":18,"136":18,"137":18,"138":18,"139":18,"140":18,"141":18,"143":18,"144":18,"145":18,"146":18,"147":18,"148":18,"149":18,"150":18,"151":18,"152":18,"153":18,"154":18,"156":18},"branchMap":{"0":{"type":"branch","line":85,"loc":{"start":{"line":85,"column":11},"end":{"line":85,"column":57}},"locations":[{"start":{"line":85,"column":11},"end":{"line":85,"column":57}}]},"1":{"type":"branch","line":85,"loc":{"start":{"line":85,"column":26},"end":{"line":85,"column":48}},"locations":[{"start":{"line":85,"column":26},"end":{"line":85,"column":48}}]},"2":{"type":"branch","line":85,"loc":{"start":{"line":85,"column":36},"end":{"line":85,"column":57}},"locations":[{"start":{"line":85,"column":36},"end":{"line":85,"column":57}}]},"3":{"type":"branch","line":86,"loc":{"start":{"line":86,"column":16},"end":{"line":86,"column":66}},"locations":[{"start":{"line":86,"column":16},"end":{"line":86,"column":66}}]},"4":{"type":"branch","line":86,"loc":{"start":{"line":86,"column":31},"end":{"line":86,"column":53}},"locations":[{"start":{"line":86,"column":31},"end":{"line":86,"column":53}}]},"5":{"type":"branch","line":86,"loc":{"start":{"line":86,"column":41},"end":{"line":86,"column":66}},"locations":[{"start":{"line":86,"column":41},"end":{"line":86,"column":66}}]},"6":{"type":"branch","line":95,"loc":{"start":{"line":95,"column":18},"end":{"line":95,"column":64}},"locations":[{"start":{"line":95,"column":18},"end":{"line":95,"column":64}}]},"7":{"type":"branch","line":95,"loc":{"start":{"line":95,"column":33},"end":{"line":95,"column":55}},"locations":[{"start":{"line":95,"column":33},"end":{"line":95,"column":55}}]},"8":{"type":"branch","line":95,"loc":{"start":{"line":95,"column":43},"end":{"line":95,"column":64}},"locations":[{"start":{"line":95,"column":43},"end":{"line":95,"column":64}}]},"9":{"type":"branch","line":114,"loc":{"start":{"line":114,"column":7},"end":{"line":157,"column":1}},"locations":[{"start":{"line":114,"column":7},"end":{"line":157,"column":1}}]},"10":{"type":"branch","line":126,"loc":{"start":{"line":126,"column":32},"end":{"line":126,"column":46}},"locations":[{"start":{"line":126,"column":32},"end":{"line":126,"column":46}}]},"11":{"type":"branch","line":126,"loc":{"start":{"line":126,"column":38},"end":{"line":126,"column":49}},"locations":[{"start":{"line":126,"column":38},"end":{"line":126,"column":49}}]},"12":{"type":"branch","line":141,"loc":{"start":{"line":141,"column":25},"end":{"line":141,"column":51}},"locations":[{"start":{"line":141,"column":25},"end":{"line":141,"column":51}}]}},"b":{"0":[32],"1":[10],"2":[22],"3":[32],"4":[10],"5":[22],"6":[32],"7":[10],"8":[22],"9":[18],"10":[5],"11":[11],"12":[2]},"fnMap":{"0":{"name":"PostCard.post.post","decl":{"start":{"line":85,"column":11},"end":{"line":85,"column":57}},"loc":{"start":{"line":85,"column":11},"end":{"line":85,"column":57}},"line":85},"1":{"name":"PostCard.post.post","decl":{"start":{"line":86,"column":16},"end":{"line":86,"column":66}},"loc":{"start":{"line":86,"column":16},"end":{"line":86,"column":66}},"line":86},"2":{"name":"PostCard","decl":{"start":{"line":114,"column":7},"end":{"line":157,"column":1}},"loc":{"start":{"line":114,"column":7},"end":{"line":157,"column":1}},"line":114},"3":{"name":"onClick","decl":{"start":{"line":141,"column":25},"end":{"line":141,"column":51}},"loc":{"start":{"line":141,"column":25},"end":{"line":141,"column":51}},"line":141}},"f":{"0":32,"1":32,"2":18,"3":2}}
,"/workspaces/testing-react-applications-with-jest-and-react-testing-library-6045230/04_solution/src/contexts/AuthContext.tsx": {"path":"/workspaces/testing-react-applications-with-jest-and-react-testing-library-6045230/04_solution/src/contexts/AuthContext.tsx","all":false,"statementMap":{"0":{"start":{"line":1,"column":0},"end":{"line":1,"column":78}},"1":{"start":{"line":2,"column":0},"end":{"line":2,"column":39}},"17":{"start":{"line":18,"column":0},"end":{"line":18,"column":74}},"19":{"start":{"line":20,"column":0},"end":{"line":20,"column":60}},"20":{"start":{"line":21,"column":0},"end":{"line":21,"column":61}},"22":{"start":{"line":23,"column":0},"end":{"line":23,"column":75}},"23":{"start":{"line":24,"column":0},"end":{"line":24,"column":54}},"24":{"start":{"line":25,"column":0},"end":{"line":25,"column":47}},"26":{"start":{"line":27,"column":0},"end":{"line":27,"column":19}},"27":{"start":{"line":28,"column":0},"end":{"line":28,"column":48}},"28":{"start":{"line":29,"column":0},"end":{"line":29,"column":16}},"29":{"start":{"line":30,"column":0},"end":{"line":30,"column":11}},"30":{"start":{"line":31,"column":0},"end":{"line":31,"column":58}},"32":{"start":{"line":33,"column":0},"end":{"line":33,"column":47}},"33":{"start":{"line":34,"column":0},"end":{"line":34,"column":34}},"34":{"start":{"line":35,"column":0},"end":{"line":35,"column":29}},"35":{"start":{"line":36,"column":0},"end":{"line":36,"column":21}},"36":{"start":{"line":37,"column":0},"end":{"line":37,"column":30}},"37":{"start":{"line":38,"column":0},"end":{"line":38,"column":36}},"38":{"start":{"line":39,"column":0},"end":{"line":39,"column":37}},"39":{"start":{"line":40,"column":0},"end":{"line":40,"column":15}},"40":{"start":{"line":41,"column":0},"end":{"line":41,"column":12}},"41":{"start":{"line":42,"column":0},"end":{"line":42,"column":24}},"42":{"start":{"line":43,"column":0},"end":{"line":43,"column":45}},"43":{"start":{"line":44,"column":0},"end":{"line":44,"column":12}},"44":{"start":{"line":45,"column":0},"end":{"line":45,"column":26}},"45":{"start":{"line":46,"column":0},"end":{"line":46,"column":30}},"46":{"start":{"line":47,"column":0},"end":{"line":47,"column":13}},"47":{"start":{"line":48,"column":0},"end":{"line":48,"column":15}},"48":{"start":{"line":49,"column":0},"end":{"line":49,"column":41}},"49":{"start":{"line":50,"column":0},"end":{"line":50,"column":26}},"50":{"start":{"line":51,"column":0},"end":{"line":51,"column":7}},"51":{"start":{"line":52,"column":0},"end":{"line":52,"column":12}},"52":{"start":{"line":53,"column":0},"end":{"line":53,"column":24}},"53":{"start":{"line":54,"column":0},"end":{"line":54,"column":5}},"54":{"start":{"line":55,"column":0},"end":{"line":55,"column":9}},"56":{"start":{"line":57,"column":0},"end":{"line":57,"column":61}},"57":{"start":{"line":58,"column":0},"end":{"line":58,"column":59}},"58":{"start":{"line":59,"column":0},"end":{"line":59,"column":21}},"59":{"start":{"line":60,"column":0},"end":{"line":60,"column":16}},"60":{"start":{"line":61,"column":0},"end":{"line":61,"column":43}},"61":{"start":{"line":62,"column":0},"end":{"line":62,"column":8}},"62":{"start":{"line":63,"column":0},"end":{"line":63,"column":48}},"63":{"start":{"line":64,"column":0},"end":{"line":64,"column":7}},"65":{"start":{"line":66,"column":0},"end":{"line":66,"column":23}},"66":{"start":{"line":67,"column":0},"end":{"line":67,"column":45}},"67":{"start":{"line":68,"column":0},"end":{"line":68,"column":5}},"69":{"start":{"line":70,"column":0},"end":{"line":70,"column":51}},"70":{"start":{"line":71,"column":0},"end":{"line":71,"column":48}},"72":{"start":{"line":73,"column":0},"end":{"line":73,"column":61}},"73":{"start":{"line":74,"column":0},"end":{"line":74,"column":71}},"74":{"start":{"line":75,"column":0},"end":{"line":75,"column":47}},"76":{"start":{"line":77,"column":0},"end":{"line":77,"column":13}},"77":{"start":{"line":78,"column":0},"end":{"line":78,"column":22}},"78":{"start":{"line":79,"column":0},"end":{"line":79,"column":28}},"79":{"start":{"line":80,"column":0},"end":{"line":80,"column":29}},"80":{"start":{"line":81,"column":0},"end":{"line":81,"column":7}},"81":{"start":{"line":82,"column":0},"end":{"line":82,"column":4}},"83":{"start":{"line":84,"column":0},"end":{"line":84,"column":79}},"84":{"start":{"line":85,"column":0},"end":{"line":85,"column":48}},"85":{"start":{"line":86,"column":0},"end":{"line":86,"column":21}},"86":{"start":{"line":87,"column":0},"end":{"line":87,"column":16}},"87":{"start":{"line":88,"column":0},"end":{"line":88,"column":43}},"88":{"start":{"line":89,"column":0},"end":{"line":89,"column":8}},"89":{"start":{"line":90,"column":0},"end":{"line":90,"column":28}},"90":{"start":{"line":91,"column":0},"end":{"line":91,"column":23}},"91":{"start":{"line":92,"column":0},"end":{"line":92,"column":14}},"92":{"start":{"line":93,"column":0},"end":{"line":93,"column":17}},"93":{"start":{"line":94,"column":0},"end":{"line":94,"column":43}},"94":{"start":{"line":95,"column":0},"end":{"line":95,"column":9}},"95":{"start":{"line":96,"column":0},"end":{"line":96,"column":7}},"97":{"start":{"line":98,"column":0},"end":{"line":98,"column":23}},"98":{"start":{"line":99,"column":0},"end":{"line":99,"column":45}},"99":{"start":{"line":100,"column":0},"end":{"line":100,"column":5}},"101":{"start":{"line":102,"column":0},"end":{"line":102,"column":34}},"102":{"start":{"line":103,"column":0},"end":{"line":103,"column":4}},"104":{"start":{"line":105,"column":0},"end":{"line":105,"column":25}},"105":{"start":{"line":106,"column":0},"end":{"line":106,"column":37}},"106":{"start":{"line":107,"column":0},"end":{"line":107,"column":18}},"107":{"start":{"line":108,"column":0},"end":{"line":108,"column":4}},"109":{"start":{"line":110,"column":0},"end":{"line":110,"column":17}},"110":{"start":{"line":111,"column":0},"end":{"line":111,"column":9}},"111":{"start":{"line":112,"column":0},"end":{"line":112,"column":12}},"112":{"start":{"line":113,"column":0},"end":{"line":113,"column":11}},"113":{"start":{"line":114,"column":0},"end":{"line":114,"column":11}},"114":{"start":{"line":115,"column":0},"end":{"line":115,"column":11}},"115":{"start":{"line":116,"column":0},"end":{"line":116,"column":4}},"117":{"start":{"line":118,"column":0},"end":{"line":118,"column":10}},"118":{"start":{"line":119,"column":0},"end":{"line":119,"column":40}},"119":{"start":{"line":120,"column":0},"end":{"line":120,"column":28}},"120":{"start":{"line":121,"column":0},"end":{"line":121,"column":27}},"122":{"start":{"line":123,"column":0},"end":{"line":123,"column":1}},"124":{"start":{"line":125,"column":0},"end":{"line":125,"column":27}},"125":{"start":{"line":126,"column":0},"end":{"line":126,"column":42}},"126":{"start":{"line":127,"column":0},"end":{"line":127,"column":30}},"127":{"start":{"line":128,"column":0},"end":{"line":128,"column":67}},"128":{"start":{"line":129,"column":0},"end":{"line":129,"column":3}},"129":{"start":{"line":130,"column":0},"end":{"line":130,"column":17}},"130":{"start":{"line":131,"column":0},"end":{"line":131,"column":1}}},"s":{"0":1,"1":1,"17":1,"19":1,"20":1,"22":1,"23":20,"24":20,"26":20,"27":8,"28":8,"29":2,"30":2,"32":2,"33":2,"34":2,"35":1,"36":1,"37":1,"38":1,"39":1,"40":2,"41":2,"42":0,"43":2,"44":2,"45":1,"46":2,"47":2,"48":1,"49":1,"50":1,"51":8,"52":6,"53":6,"54":20,"56":20,"57":2,"58":2,"59":2,"60":2,"61":2,"62":2,"63":2,"65":2,"66":0,"67":0,"69":2,"70":2,"72":2,"73":2,"74":2,"76":2,"77":2,"78":2,"79":2,"80":2,"81":2,"83":20,"84":2,"85":2,"86":2,"87":2,"88":2,"89":2,"90":2,"91":2,"92":2,"93":2,"94":2,"95":2,"97":2,"98":1,"99":1,"101":1,"102":2,"104":20,"105":1,"106":1,"107":1,"109":20,"110":20,"111":20,"112":20,"113":20,"114":20,"115":20,"117":20,"118":20,"119":20,"120":20,"122":20,"124":1,"125":15,"126":15,"127":4,"128":4,"129":10,"130":10},"branchMap":{"0":{"type":"branch","line":23,"loc":{"start":{"line":23,"column":7},"end":{"line":123,"column":1}},"locations":[{"start":{"line":23,"column":7},"end":{"line":123,"column":1}}]},"1":{"type":"branch","line":120,"loc":{"start":{"line":120,"column":8},"end":{"line":120,"column":28}},"locations":[{"start":{"line":120,"column":8},"end":{"line":120,"column":28}}]},"2":{"type":"branch","line":27,"loc":{"start":{"line":27,"column":12},"end":{"line":55,"column":5}},"locations":[{"start":{"line":27,"column":12},"end":{"line":55,"column":5}}]},"3":{"type":"branch","line":29,"loc":{"start":{"line":29,"column":15},"end":{"line":52,"column":11}},"locations":[{"start":{"line":29,"column":15},"end":{"line":52,"column":11}}]},"4":{"type":"branch","line":48,"loc":{"start":{"line":48,"column":6},"end":{"line":51,"column":7}},"locations":[{"start":{"line":48,"column":6},"end":{"line":51,"column":7}}]},"5":{"type":"branch","line":52,"loc":{"start":{"line":52,"column":4},"end":{"line":54,"column":5}},"locations":[{"start":{"line":52,"column":4},"end":{"line":54,"column":5}}]},"6":{"type":"branch","line":34,"loc":{"start":{"line":34,"column":16},"end":{"line":34,"column":33}},"locations":[{"start":{"line":34,"column":16},"end":{"line":34,"column":33}}]},"7":{"type":"branch","line":35,"loc":{"start":{"line":35,"column":16},"end":{"line":41,"column":11}},"locations":[{"start":{"line":35,"column":16},"end":{"line":41,"column":11}}]},"8":{"type":"branch","line":45,"loc":{"start":{"line":45,"column":19},"end":{"line":47,"column":11}},"locations":[{"start":{"line":45,"column":19},"end":{"line":47,"column":11}}]},"9":{"type":"branch","line":57,"loc":{"start":{"line":57,"column":17},"end":{"line":82,"column":4}},"locations":[{"start":{"line":57,"column":17},"end":{"line":82,"column":4}}]},"10":{"type":"branch","line":66,"loc":{"start":{"line":66,"column":22},"end":{"line":68,"column":5}},"locations":[{"start":{"line":66,"column":22},"end":{"line":68,"column":5}}]},"11":{"type":"branch","line":84,"loc":{"start":{"line":84,"column":17},"end":{"line":103,"column":4}},"locations":[{"start":{"line":84,"column":17},"end":{"line":103,"column":4}}]},"12":{"type":"branch","line":98,"loc":{"start":{"line":98,"column":22},"end":{"line":102,"column":34}},"locations":[{"start":{"line":98,"column":22},"end":{"line":102,"column":34}}]},"13":{"type":"branch","line":105,"loc":{"start":{"line":105,"column":18},"end":{"line":108,"column":4}},"locations":[{"start":{"line":105,"column":18},"end":{"line":108,"column":4}}]},"14":{"type":"branch","line":125,"loc":{"start":{"line":125,"column":7},"end":{"line":131,"column":1}},"locations":[{"start":{"line":125,"column":7},"end":{"line":131,"column":1}}]},"15":{"type":"branch","line":127,"loc":{"start":{"line":127,"column":29},"end":{"line":129,"column":3}},"locations":[{"start":{"line":127,"column":29},"end":{"line":129,"column":3}}]},"16":{"type":"branch","line":129,"loc":{"start":{"line":129,"column":2},"end":{"line":131,"column":1}},"locations":[{"start":{"line":129,"column":2},"end":{"line":131,"column":1}}]}},"b":{"0":[20],"1":[11],"2":[8],"3":[2],"4":[1],"5":[6],"6":[1],"7":[1],"8":[1],"9":[2],"10":[0],"11":[2],"12":[1],"13":[1],"14":[15],"15":[4],"16":[10]},"fnMap":{"0":{"name":"AuthProvider","decl":{"start":{"line":23,"column":7},"end":{"line":123,"column":1}},"loc":{"start":{"line":23,"column":7},"end":{"line":123,"column":1}},"line":23},"1":{"name":"signIn","decl":{"start":{"line":57,"column":17},"end":{"line":82,"column":4}},"loc":{"start":{"line":57,"column":17},"end":{"line":82,"column":4}},"line":57},"2":{"name":"signUp","decl":{"start":{"line":84,"column":17},"end":{"line":103,"column":4}},"loc":{"start":{"line":84,"column":17},"end":{"line":103,"column":4}},"line":84},"3":{"name":"signOut","decl":{"start":{"line":105,"column":18},"end":{"line":108,"column":4}},"loc":{"start":{"line":105,"column":18},"end":{"line":108,"column":4}},"line":105},"4":{"name":"useAuth","decl":{"start":{"line":125,"column":7},"end":{"line":131,"column":1}},"loc":{"start":{"line":125,"column":7},"end":{"line":131,"column":1}},"line":125}},"f":{"0":20,"1":2,"2":2,"3":1,"4":15}}
,"/workspaces/testing-react-applications-with-jest-and-react-testing-library-6045230/04_solution/src/lib/api.ts": {"path":"/workspaces/testing-react-applications-with-jest-and-react-testing-library-6045230/04_solution/src/lib/api.ts","all":false,"statementMap":{"0":{"start":{"line":1,"column":0},"end":{"line":1,"column":56}},"3":{"start":{"line":4,"column":0},"end":{"line":4,"column":60}},"5":{"start":{"line":6,"column":0},"end":{"line":6,"column":30}},"6":{"start":{"line":7,"column":0},"end":{"line":7,"column":46}},"7":{"start":{"line":8,"column":0},"end":{"line":8,"column":59}},"8":{"start":{"line":9,"column":0},"end":{"line":9,"column":2}},"10":{"start":{"line":11,"column":0},"end":{"line":11,"column":77}},"11":{"start":{"line":12,"column":0},"end":{"line":12,"column":47}},"12":{"start":{"line":13,"column":0},"end":{"line":13,"column":59}},"13":{"start":{"line":14,"column":0},"end":{"line":14,"column":61}},"14":{"start":{"line":15,"column":0},"end":{"line":15,"column":5}},"16":{"start":{"line":17,"column":0},"end":{"line":17,"column":92}},"17":{"start":{"line":18,"column":0},"end":{"line":18,"column":57}},"18":{"start":{"line":19,"column":0},"end":{"line":19,"column":15}},"19":{"start":{"line":20,"column":0},"end":{"line":20,"column":9}},"21":{"start":{"line":22,"column":0},"end":{"line":22,"column":37}},"23":{"start":{"line":24,"column":0},"end":{"line":24,"column":54}},"24":{"start":{"line":25,"column":0},"end":{"line":25,"column":12}},"25":{"start":{"line":26,"column":0},"end":{"line":26,"column":47}},"26":{"start":{"line":27,"column":0},"end":{"line":27,"column":48}},"27":{"start":{"line":28,"column":0},"end":{"line":28,"column":36}},"28":{"start":{"line":29,"column":0},"end":{"line":29,"column":6}},"30":{"start":{"line":31,"column":0},"end":{"line":31,"column":14}},"31":{"start":{"line":32,"column":0},"end":{"line":32,"column":60}},"32":{"start":{"line":33,"column":0},"end":{"line":33,"column":63}},"33":{"start":{"line":34,"column":0},"end":{"line":34,"column":59}},"34":{"start":{"line":35,"column":0},"end":{"line":35,"column":6}},"35":{"start":{"line":36,"column":0},"end":{"line":36,"column":3}},"37":{"start":{"line":38,"column":0},"end":{"line":38,"column":25}},"38":{"start":{"line":39,"column":0},"end":{"line":39,"column":1}},"40":{"start":{"line":41,"column":0},"end":{"line":41,"column":70}},"41":{"start":{"line":42,"column":0},"end":{"line":42,"column":46}},"42":{"start":{"line":43,"column":0},"end":{"line":43,"column":65}},"43":{"start":{"line":44,"column":0},"end":{"line":44,"column":73}},"44":{"start":{"line":45,"column":0},"end":{"line":45,"column":5}},"46":{"start":{"line":47,"column":0},"end":{"line":47,"column":10}},"47":{"start":{"line":48,"column":0},"end":{"line":48,"column":12}},"48":{"start":{"line":49,"column":0},"end":{"line":49,"column":35}},"49":{"start":{"line":50,"column":0},"end":{"line":50,"column":45}},"50":{"start":{"line":51,"column":0},"end":{"line":51,"column":33}},"51":{"start":{"line":52,"column":0},"end":{"line":52,"column":4}},"52":{"start":{"line":53,"column":0},"end":{"line":53,"column":1}},"54":{"start":{"line":55,"column":0},"end":{"line":55,"column":73}},"55":{"start":{"line":56,"column":0},"end":{"line":56,"column":75}},"56":{"start":{"line":57,"column":0},"end":{"line":57,"column":25}},"57":{"start":{"line":58,"column":0},"end":{"line":58,"column":1}},"59":{"start":{"line":60,"column":0},"end":{"line":60,"column":60}},"60":{"start":{"line":61,"column":0},"end":{"line":61,"column":62}},"61":{"start":{"line":62,"column":0},"end":{"line":62,"column":25}},"62":{"start":{"line":63,"column":0},"end":{"line":63,"column":1}},"64":{"start":{"line":65,"column":0},"end":{"line":65,"column":98}},"65":{"start":{"line":66,"column":0},"end":{"line":66,"column":60}},"66":{"start":{"line":67,"column":0},"end":{"line":67,"column":19}},"67":{"start":{"line":68,"column":0},"end":{"line":68,"column":14}},"68":{"start":{"line":69,"column":0},"end":{"line":69,"column":56}},"69":{"start":{"line":70,"column":0},"end":{"line":70,"column":25}},"70":{"start":{"line":71,"column":0},"end":{"line":71,"column":6}},"71":{"start":{"line":72,"column":0},"end":{"line":72,"column":26}},"72":{"start":{"line":73,"column":0},"end":{"line":73,"column":13}},"73":{"start":{"line":74,"column":0},"end":{"line":74,"column":17}},"74":{"start":{"line":75,"column":0},"end":{"line":75,"column":7}},"75":{"start":{"line":76,"column":0},"end":{"line":76,"column":5}},"76":{"start":{"line":77,"column":0},"end":{"line":77,"column":25}},"77":{"start":{"line":78,"column":0},"end":{"line":78,"column":1}}},"s":{"0":1,"3":1,"5":1,"6":1,"7":1,"8":1,"10":2,"11":2,"12":2,"13":2,"14":2,"16":2,"17":2,"18":2,"19":2,"21":2,"23":2,"24":4,"25":4,"26":4,"27":4,"28":2,"30":2,"31":1,"32":2,"33":1,"34":1,"35":1,"37":1,"38":1,"40":1,"41":1,"42":1,"43":1,"44":1,"46":1,"47":1,"48":1,"49":1,"50":1,"51":1,"52":1,"54":1,"55":1,"56":1,"57":1,"59":1,"60":1,"61":1,"62":1,"64":1,"65":1,"66":1,"67":1,"68":1,"69":1,"70":1,"71":1,"72":1,"73":1,"74":1,"75":1,"76":1,"77":1},"branchMap":{"0":{"type":"branch","line":6,"loc":{"start":{"line":6,"column":23},"end":{"line":9,"column":2}},"locations":[{"start":{"line":6,"column":23},"end":{"line":9,"column":2}}]},"1":{"type":"branch","line":8,"loc":{"start":{"line":8,"column":52},"end":{"line":8,"column":59}},"locations":[{"start":{"line":8,"column":52},"end":{"line":8,"column":59}}]},"2":{"type":"branch","line":11,"loc":{"start":{"line":11,"column":0},"end":{"line":39,"column":1}},"locations":[{"start":{"line":11,"column":0},"end":{"line":39,"column":1}}]},"3":{"type":"branch","line":31,"loc":{"start":{"line":31,"column":13},"end":{"line":39,"column":1}},"locations":[{"start":{"line":31,"column":13},"end":{"line":39,"column":1}}]},"4":{"type":"branch","line":13,"loc":{"start":{"line":13,"column":40},"end":{"line":13,"column":57}},"locations":[{"start":{"line":13,"column":40},"end":{"line":13,"column":57}}]},"5":{"type":"branch","line":14,"loc":{"start":{"line":14,"column":43},"end":{"line":14,"column":60}},"locations":[{"start":{"line":14,"column":43},"end":{"line":14,"column":60}}]},"6":{"type":"branch","line":17,"loc":{"start":{"line":17,"column":40},"end":{"line":20,"column":5}},"locations":[{"start":{"line":17,"column":40},"end":{"line":20,"column":5}}]},"7":{"type":"branch","line":18,"loc":{"start":{"line":18,"column":45},"end":{"line":18,"column":55}},"locations":[{"start":{"line":18,"column":45},"end":{"line":18,"column":55}}]},"8":{"type":"branch","line":24,"loc":{"start":{"line":24,"column":36},"end":{"line":29,"column":4}},"locations":[{"start":{"line":24,"column":36},"end":{"line":29,"column":4}}]},"9":{"type":"branch","line":26,"loc":{"start":{"line":26,"column":40},"end":{"line":26,"column":47}},"locations":[{"start":{"line":26,"column":40},"end":{"line":26,"column":47}}]},"10":{"type":"branch","line":27,"loc":{"start":{"line":27,"column":38},"end":{"line":27,"column":46}},"locations":[{"start":{"line":27,"column":38},"end":{"line":27,"column":46}}]},"11":{"type":"branch","line":27,"loc":{"start":{"line":27,"column":42},"end":{"line":27,"column":48}},"locations":[{"start":{"line":27,"column":42},"end":{"line":27,"column":48}}]},"12":{"type":"branch","line":32,"loc":{"start":{"line":32,"column":34},"end":{"line":34,"column":59}},"locations":[{"start":{"line":32,"column":34},"end":{"line":34,"column":59}}]},"13":{"type":"branch","line":33,"loc":{"start":{"line":33,"column":59},"end":{"line":34,"column":59}},"locations":[{"start":{"line":33,"column":59},"end":{"line":34,"column":59}}]},"14":{"type":"branch","line":41,"loc":{"start":{"line":41,"column":0},"end":{"line":53,"column":1}},"locations":[{"start":{"line":41,"column":0},"end":{"line":53,"column":1}}]},"15":{"type":"branch","line":50,"loc":{"start":{"line":50,"column":39},"end":{"line":50,"column":45}},"locations":[{"start":{"line":50,"column":39},"end":{"line":50,"column":45}}]},"16":{"type":"branch","line":43,"loc":{"start":{"line":43,"column":46},"end":{"line":43,"column":63}},"locations":[{"start":{"line":43,"column":46},"end":{"line":43,"column":63}}]},"17":{"type":"branch","line":44,"loc":{"start":{"line":44,"column":55},"end":{"line":44,"column":72}},"locations":[{"start":{"line":44,"column":55},"end":{"line":44,"column":72}}]},"18":{"type":"branch","line":55,"loc":{"start":{"line":55,"column":0},"end":{"line":58,"column":1}},"locations":[{"start":{"line":55,"column":0},"end":{"line":58,"column":1}}]},"19":{"type":"branch","line":60,"loc":{"start":{"line":60,"column":0},"end":{"line":63,"column":1}},"locations":[{"start":{"line":60,"column":0},"end":{"line":63,"column":1}}]},"20":{"type":"branch","line":65,"loc":{"start":{"line":65,"column":0},"end":{"line":78,"column":1}},"locations":[{"start":{"line":65,"column":0},"end":{"line":78,"column":1}}]}},"b":{"0":[1],"1":[0],"2":[2],"3":[1],"4":[2],"5":[2],"6":[2],"7":[1],"8":[4],"9":[3],"10":[1],"11":[3],"12":[2],"13":[1],"14":[1],"15":[0],"16":[1],"17":[1],"18":[1],"19":[1],"20":[1]},"fnMap":{"0":{"name":"getAuthHeaders","decl":{"start":{"line":6,"column":23},"end":{"line":9,"column":2}},"loc":{"start":{"line":6,"column":23},"end":{"line":9,"column":2}},"line":6},"1":{"name":"fetchPosts","decl":{"start":{"line":11,"column":0},"end":{"line":39,"column":1}},"loc":{"start":{"line":11,"column":0},"end":{"line":39,"column":1}},"line":11},"2":{"name":"fetchPost","decl":{"start":{"line":41,"column":0},"end":{"line":53,"column":1}},"loc":{"start":{"line":41,"column":0},"end":{"line":53,"column":1}},"line":41},"3":{"name":"fetchComments","decl":{"start":{"line":55,"column":0},"end":{"line":58,"column":1}},"loc":{"start":{"line":55,"column":0},"end":{"line":58,"column":1}},"line":55},"4":{"name":"fetchUser","decl":{"start":{"line":60,"column":0},"end":{"line":63,"column":1}},"loc":{"start":{"line":60,"column":0},"end":{"line":63,"column":1}},"line":60},"5":{"name":"createComment","decl":{"start":{"line":65,"column":0},"end":{"line":78,"column":1}},"loc":{"start":{"line":65,"column":0},"end":{"line":78,"column":1}},"line":65}},"f":{"0":1,"1":2,"2":1,"3":1,"4":1,"5":1}}
,"/workspaces/testing-react-applications-with-jest-and-react-testing-library-6045230/04_solution/src/lib/storage.ts": {"path":"/workspaces/testing-react-applications-with-jest-and-react-testing-library-6045230/04_solution/src/lib/storage.ts","all":false,"statementMap":{"2":{"start":{"line":3,"column":0},"end":{"line":3,"column":32}},"4":{"start":{"line":5,"column":0},"end":{"line":5,"column":48}},"5":{"start":{"line":6,"column":0},"end":{"line":6,"column":49}},"6":{"start":{"line":7,"column":0},"end":{"line":7,"column":14}},"7":{"start":{"line":8,"column":0},"end":{"line":8,"column":25}},"8":{"start":{"line":9,"column":0},"end":{"line":9,"column":3}},"9":{"start":{"line":10,"column":0},"end":{"line":10,"column":26}},"10":{"start":{"line":11,"column":0},"end":{"line":11,"column":1}},"12":{"start":{"line":13,"column":0},"end":{"line":13,"column":58}},"13":{"start":{"line":14,"column":0},"end":{"line":14,"column":58}},"14":{"start":{"line":15,"column":0},"end":{"line":15,"column":1}},"16":{"start":{"line":17,"column":0},"end":{"line":17,"column":53}},"17":{"start":{"line":18,"column":0},"end":{"line":18,"column":32}},"18":{"start":{"line":19,"column":0},"end":{"line":19,"column":46}},"20":{"start":{"line":21,"column":0},"end":{"line":21,"column":16}},"21":{"start":{"line":22,"column":0},"end":{"line":22,"column":56}},"22":{"start":{"line":23,"column":0},"end":{"line":23,"column":10}},"23":{"start":{"line":24,"column":0},"end":{"line":24,"column":28}},"24":{"start":{"line":25,"column":0},"end":{"line":25,"column":3}},"26":{"start":{"line":27,"column":0},"end":{"line":27,"column":23}},"27":{"start":{"line":28,"column":0},"end":{"line":28,"column":18}},"28":{"start":{"line":29,"column":0},"end":{"line":29,"column":1}},"30":{"start":{"line":31,"column":0},"end":{"line":31,"column":54}},"31":{"start":{"line":32,"column":0},"end":{"line":32,"column":32}},"32":{"start":{"line":33,"column":0},"end":{"line":33,"column":37}},"33":{"start":{"line":34,"column":0},"end":{"line":34,"column":1}}},"s":{"2":1,"4":1,"5":6,"6":6,"7":1,"8":1,"9":5,"10":5,"12":1,"13":3,"14":3,"16":1,"17":2,"18":2,"20":2,"21":1,"22":1,"23":1,"24":1,"26":2,"27":2,"28":2,"30":1,"31":2,"32":2,"33":2},"branchMap":{"0":{"type":"branch","line":5,"loc":{"start":{"line":5,"column":7},"end":{"line":11,"column":1}},"locations":[{"start":{"line":5,"column":7},"end":{"line":11,"column":1}}]},"1":{"type":"branch","line":7,"loc":{"start":{"line":7,"column":13},"end":{"line":9,"column":3}},"locations":[{"start":{"line":7,"column":13},"end":{"line":9,"column":3}}]},"2":{"type":"branch","line":9,"loc":{"start":{"line":9,"column":2},"end":{"line":11,"column":1}},"locations":[{"start":{"line":9,"column":2},"end":{"line":11,"column":1}}]},"3":{"type":"branch","line":13,"loc":{"start":{"line":13,"column":7},"end":{"line":15,"column":1}},"locations":[{"start":{"line":13,"column":7},"end":{"line":15,"column":1}}]},"4":{"type":"branch","line":17,"loc":{"start":{"line":17,"column":7},"end":{"line":29,"column":1}},"locations":[{"start":{"line":17,"column":7},"end":{"line":29,"column":1}}]},"5":{"type":"branch","line":21,"loc":{"start":{"line":21,"column":15},"end":{"line":25,"column":3}},"locations":[{"start":{"line":21,"column":15},"end":{"line":25,"column":3}}]},"6":{"type":"branch","line":22,"loc":{"start":{"line":22,"column":35},"end":{"line":22,"column":54}},"locations":[{"start":{"line":22,"column":35},"end":{"line":22,"column":54}}]},"7":{"type":"branch","line":31,"loc":{"start":{"line":31,"column":7},"end":{"line":34,"column":1}},"locations":[{"start":{"line":31,"column":7},"end":{"line":34,"column":1}}]}},"b":{"0":[6],"1":[1],"2":[5],"3":[3],"4":[2],"5":[1],"6":[1],"7":[2]},"fnMap":{"0":{"name":"getStorageData","decl":{"start":{"line":5,"column":7},"end":{"line":11,"column":1}},"loc":{"start":{"line":5,"column":7},"end":{"line":11,"column":1}},"line":5},"1":{"name":"setStorageData","decl":{"start":{"line":13,"column":7},"end":{"line":15,"column":1}},"loc":{"start":{"line":13,"column":7},"end":{"line":15,"column":1}},"line":13},"2":{"name":"toggleLike","decl":{"start":{"line":17,"column":7},"end":{"line":29,"column":1}},"loc":{"start":{"line":17,"column":7},"end":{"line":29,"column":1}},"line":17},"3":{"name":"isPostLiked","decl":{"start":{"line":31,"column":7},"end":{"line":34,"column":1}},"loc":{"start":{"line":31,"column":7},"end":{"line":34,"column":1}},"line":31}},"f":{"0":6,"1":3,"2":2,"3":2}}
,"/workspaces/testing-react-applications-with-jest-and-react-testing-library-6045230/04_solution/src/pages/CreatePost.tsx": {"path":"/workspaces/testing-react-applications-with-jest-and-react-testing-library-6045230/04_solution/src/pages/CreatePost.tsx","all":false,"statementMap":{"0":{"start":{"line":1,"column":0},"end":{"line":1,"column":47}},"1":{"start":{"line":2,"column":0},"end":{"line":2,"column":42}},"2":{"start":{"line":3,"column":0},"end":{"line":3,"column":54}},"3":{"start":{"line":4,"column":0},"end":{"line":4,"column":24}},"4":{"start":{"line":5,"column":0},"end":{"line":5,"column":39}},"5":{"start":{"line":6,"column":0},"end":{"line":6,"column":50}},"6":{"start":{"line":7,"column":0},"end":{"line":7,"column":46}},"8":{"start":{"line":9,"column":0},"end":{"line":9,"column":29}},"9":{"start":{"line":10,"column":0},"end":{"line":10,"column":78}},"10":{"start":{"line":11,"column":0},"end":{"line":11,"column":52}},"11":{"start":{"line":12,"column":0},"end":{"line":12,"column":3}},"15":{"start":{"line":16,"column":0},"end":{"line":16,"column":29}},"20":{"start":{"line":21,"column":0},"end":{"line":21,"column":24}},"27":{"start":{"line":28,"column":0},"end":{"line":28,"column":25}},"33":{"start":{"line":34,"column":0},"end":{"line":34,"column":29}},"39":{"start":{"line":40,"column":0},"end":{"line":40,"column":27}},"45":{"start":{"line":46,"column":0},"end":{"line":46,"column":27}},"58":{"start":{"line":59,"column":0},"end":{"line":59,"column":33}},"73":{"start":{"line":74,"column":0},"end":{"line":74,"column":30}},"78":{"start":{"line":79,"column":0},"end":{"line":79,"column":35}},"98":{"start":{"line":99,"column":0},"end":{"line":99,"column":30}},"99":{"start":{"line":100,"column":0},"end":{"line":100,"column":29}},"100":{"start":{"line":101,"column":0},"end":{"line":101,"column":33}},"101":{"start":{"line":102,"column":0},"end":{"line":102,"column":9}},"102":{"start":{"line":103,"column":0},"end":{"line":103,"column":13}},"103":{"start":{"line":104,"column":0},"end":{"line":104,"column":17}},"104":{"start":{"line":105,"column":0},"end":{"line":105,"column":40}},"105":{"start":{"line":106,"column":0},"end":{"line":106,"column":29}},"106":{"start":{"line":107,"column":0},"end":{"line":107,"column":38}},"107":{"start":{"line":108,"column":0},"end":{"line":108,"column":5}},"109":{"start":{"line":110,"column":0},"end":{"line":110,"column":50}},"110":{"start":{"line":111,"column":0},"end":{"line":111,"column":9}},"111":{"start":{"line":112,"column":0},"end":{"line":112,"column":50}},"112":{"start":{"line":113,"column":0},"end":{"line":113,"column":55}},"114":{"start":{"line":115,"column":0},"end":{"line":115,"column":24}},"115":{"start":{"line":116,"column":0},"end":{"line":116,"column":24}},"116":{"start":{"line":117,"column":0},"end":{"line":117,"column":32}},"117":{"start":{"line":118,"column":0},"end":{"line":118,"column":11}},"118":{"start":{"line":119,"column":0},"end":{"line":119,"column":7}},"119":{"start":{"line":120,"column":0},"end":{"line":120,"column":20}},"120":{"start":{"line":121,"column":0},"end":{"line":121,"column":21}},"121":{"start":{"line":122,"column":0},"end":{"line":122,"column":51}},"122":{"start":{"line":123,"column":0},"end":{"line":123,"column":5}},"123":{"start":{"line":124,"column":0},"end":{"line":124,"column":4}},"125":{"start":{"line":126,"column":0},"end":{"line":126,"column":14}},"126":{"start":{"line":127,"column":0},"end":{"line":127,"column":23}},"127":{"start":{"line":128,"column":0},"end":{"line":128,"column":16}},"128":{"start":{"line":129,"column":0},"end":{"line":129,"column":3}},"130":{"start":{"line":131,"column":0},"end":{"line":131,"column":10}},"131":{"start":{"line":132,"column":0},"end":{"line":132,"column":15}},"132":{"start":{"line":133,"column":0},"end":{"line":133,"column":36}},"133":{"start":{"line":134,"column":0},"end":{"line":134,"column":46}},"134":{"start":{"line":135,"column":0},"end":{"line":135,"column":19}},"135":{"start":{"line":136,"column":0},"end":{"line":136,"column":46}},"136":{"start":{"line":137,"column":0},"end":{"line":137,"column":16}},"137":{"start":{"line":138,"column":0},"end":{"line":138,"column":23}},"138":{"start":{"line":139,"column":0},"end":{"line":139,"column":22}},"139":{"start":{"line":140,"column":0},"end":{"line":140,"column":34}},"140":{"start":{"line":141,"column":0},"end":{"line":141,"column":12}},"141":{"start":{"line":142,"column":0},"end":{"line":142,"column":28}},"142":{"start":{"line":143,"column":0},"end":{"line":143,"column":63}},"144":{"start":{"line":145,"column":0},"end":{"line":145,"column":20}},"146":{"start":{"line":147,"column":0},"end":{"line":147,"column":19}},"147":{"start":{"line":148,"column":0},"end":{"line":148,"column":50}},"148":{"start":{"line":149,"column":0},"end":{"line":149,"column":19}},"149":{"start":{"line":150,"column":0},"end":{"line":150,"column":24}},"150":{"start":{"line":151,"column":0},"end":{"line":151,"column":36}},"151":{"start":{"line":152,"column":0},"end":{"line":152,"column":12}},"152":{"start":{"line":153,"column":0},"end":{"line":153,"column":30}},"153":{"start":{"line":154,"column":0},"end":{"line":154,"column":65}},"155":{"start":{"line":156,"column":0},"end":{"line":156,"column":20}},"157":{"start":{"line":158,"column":0},"end":{"line":158,"column":60}},"158":{"start":{"line":159,"column":0},"end":{"line":159,"column":59}},"159":{"start":{"line":160,"column":0},"end":{"line":160,"column":23}},"160":{"start":{"line":161,"column":0},"end":{"line":161,"column":13}},"161":{"start":{"line":162,"column":0},"end":{"line":162,"column":16}},"163":{"start":{"line":164,"column":0},"end":{"line":164,"column":1}}},"s":{"0":1,"1":1,"2":1,"3":1,"4":1,"5":1,"6":1,"8":1,"9":1,"10":1,"11":1,"15":1,"20":1,"27":1,"33":1,"39":1,"45":1,"58":1,"73":1,"78":1,"98":1,"99":15,"100":15,"101":15,"102":15,"103":15,"104":15,"105":15,"106":15,"107":15,"109":15,"110":2,"111":2,"112":2,"114":2,"115":2,"116":2,"117":2,"118":2,"119":1,"120":2,"121":0,"122":0,"123":2,"125":15,"126":1,"127":1,"128":1,"130":14,"131":14,"132":14,"133":14,"134":14,"135":14,"136":14,"137":14,"138":14,"139":14,"140":14,"141":14,"142":2,"144":15,"146":15,"147":15,"148":15,"149":15,"150":15,"151":15,"152":15,"153":1,"155":15,"157":15,"158":15,"159":15,"160":15,"161":15,"163":15},"branchMap":{"0":{"type":"branch","line":99,"loc":{"start":{"line":99,"column":7},"end":{"line":164,"column":1}},"locations":[{"start":{"line":99,"column":7},"end":{"line":164,"column":1}}]},"1":{"type":"branch","line":126,"loc":{"start":{"line":126,"column":13},"end":{"line":129,"column":3}},"locations":[{"start":{"line":126,"column":13},"end":{"line":129,"column":3}}]},"2":{"type":"branch","line":129,"loc":{"start":{"line":129,"column":2},"end":{"line":142,"column":28}},"locations":[{"start":{"line":129,"column":2},"end":{"line":142,"column":28}}]},"3":{"type":"branch","line":142,"loc":{"start":{"line":142,"column":18},"end":{"line":143,"column":63}},"locations":[{"start":{"line":142,"column":18},"end":{"line":143,"column":63}}]},"4":{"type":"branch","line":153,"loc":{"start":{"line":153,"column":18},"end":{"line":154,"column":65}},"locations":[{"start":{"line":153,"column":18},"end":{"line":154,"column":65}}]},"5":{"type":"branch","line":159,"loc":{"start":{"line":159,"column":11},"end":{"line":159,"column":44}},"locations":[{"start":{"line":159,"column":11},"end":{"line":159,"column":44}}]},"6":{"type":"branch","line":159,"loc":{"start":{"line":159,"column":26},"end":{"line":159,"column":59}},"locations":[{"start":{"line":159,"column":26},"end":{"line":159,"column":59}}]},"7":{"type":"branch","line":110,"loc":{"start":{"line":110,"column":19},"end":{"line":124,"column":4}},"locations":[{"start":{"line":110,"column":19},"end":{"line":124,"column":4}}]},"8":{"type":"branch","line":113,"loc":{"start":{"line":113,"column":18},"end":{"line":113,"column":55}},"locations":[{"start":{"line":113,"column":18},"end":{"line":113,"column":55}}]},"9":{"type":"branch","line":119,"loc":{"start":{"line":119,"column":5},"end":{"line":121,"column":13}},"locations":[{"start":{"line":119,"column":5},"end":{"line":121,"column":13}}]},"10":{"type":"branch","line":121,"loc":{"start":{"line":121,"column":4},"end":{"line":123,"column":5}},"locations":[{"start":{"line":121,"column":4},"end":{"line":123,"column":5}}]}},"b":{"0":[15],"1":[1],"2":[14],"3":[2],"4":[1],"5":[6],"6":[8],"7":[2],"8":[0],"9":[1],"10":[0]},"fnMap":{"0":{"name":"CreatePost","decl":{"start":{"line":99,"column":7},"end":{"line":164,"column":1}},"loc":{"start":{"line":99,"column":7},"end":{"line":164,"column":1}},"line":99},"1":{"name":"onSubmit","decl":{"start":{"line":110,"column":19},"end":{"line":124,"column":4}},"loc":{"start":{"line":110,"column":19},"end":{"line":124,"column":4}},"line":110}},"f":{"0":15,"1":2}}
,"/workspaces/testing-react-applications-with-jest-and-react-testing-library-6045230/04_solution/src/pages/Home.tsx": {"path":"/workspaces/testing-react-applications-with-jest-and-react-testing-library-6045230/04_solution/src/pages/Home.tsx","all":false,"statementMap":{"0":{"start":{"line":1,"column":0},"end":{"line":1,"column":51}},"1":{"start":{"line":2,"column":0},"end":{"line":2,"column":38}},"2":{"start":{"line":3,"column":0},"end":{"line":3,"column":39}},"3":{"start":{"line":4,"column":0},"end":{"line":4,"column":51}},"4":{"start":{"line":5,"column":0},"end":{"line":5,"column":44}},"5":{"start":{"line":6,"column":0},"end":{"line":6,"column":50}},"8":{"start":{"line":9,"column":0},"end":{"line":9,"column":29}},"13":{"start":{"line":14,"column":0},"end":{"line":14,"column":35}},"20":{"start":{"line":21,"column":0},"end":{"line":21,"column":33}},"40":{"start":{"line":41,"column":0},"end":{"line":41,"column":37}},"49":{"start":{"line":50,"column":0},"end":{"line":50,"column":28}},"54":{"start":{"line":55,"column":0},"end":{"line":55,"column":28}},"60":{"start":{"line":61,"column":0},"end":{"line":61,"column":30}},"69":{"start":{"line":70,"column":0},"end":{"line":70,"column":24}},"70":{"start":{"line":71,"column":0},"end":{"line":71,"column":59}},"71":{"start":{"line":72,"column":0},"end":{"line":72,"column":63}},"72":{"start":{"line":73,"column":0},"end":{"line":73,"column":53}},"73":{"start":{"line":74,"column":0},"end":{"line":74,"column":47}},"75":{"start":{"line":76,"column":0},"end":{"line":76,"column":19}},"76":{"start":{"line":77,"column":0},"end":{"line":77,"column":35}},"77":{"start":{"line":78,"column":0},"end":{"line":78,"column":11}},"78":{"start":{"line":79,"column":0},"end":{"line":79,"column":52}},"79":{"start":{"line":80,"column":0},"end":{"line":80,"column":24}},"81":{"start":{"line":82,"column":0},"end":{"line":82,"column":75}},"82":{"start":{"line":83,"column":0},"end":{"line":83,"column":68}},"83":{"start":{"line":84,"column":0},"end":{"line":84,"column":54}},"85":{"start":{"line":86,"column":0},"end":{"line":86,"column":47}},"86":{"start":{"line":87,"column":0},"end":{"line":87,"column":17}},"87":{"start":{"line":88,"column":0},"end":{"line":88,"column":25}},"88":{"start":{"line":89,"column":0},"end":{"line":89,"column":17}},"89":{"start":{"line":90,"column":0},"end":{"line":90,"column":23}},"90":{"start":{"line":91,"column":0},"end":{"line":91,"column":54}},"91":{"start":{"line":92,"column":0},"end":{"line":92,"column":17}},"92":{"start":{"line":93,"column":0},"end":{"line":93,"column":26}},"93":{"start":{"line":94,"column":0},"end":{"line":94,"column":7}},"94":{"start":{"line":95,"column":0},"end":{"line":95,"column":6}},"96":{"start":{"line":97,"column":0},"end":{"line":97,"column":53}},"97":{"start":{"line":98,"column":0},"end":{"line":98,"column":45}},"98":{"start":{"line":99,"column":0},"end":{"line":99,"column":20}},"100":{"start":{"line":101,"column":0},"end":{"line":101,"column":69}},"101":{"start":{"line":102,"column":0},"end":{"line":102,"column":23}},"102":{"start":{"line":103,"column":0},"end":{"line":103,"column":39}},"103":{"start":{"line":104,"column":0},"end":{"line":104,"column":31}},"104":{"start":{"line":105,"column":0},"end":{"line":105,"column":25}},"105":{"start":{"line":106,"column":0},"end":{"line":106,"column":59}},"106":{"start":{"line":107,"column":0},"end":{"line":107,"column":14}},"107":{"start":{"line":108,"column":0},"end":{"line":108,"column":7}},"108":{"start":{"line":109,"column":0},"end":{"line":109,"column":4}},"110":{"start":{"line":111,"column":0},"end":{"line":111,"column":16}},"111":{"start":{"line":112,"column":0},"end":{"line":112,"column":53}},"112":{"start":{"line":113,"column":0},"end":{"line":113,"column":3}},"114":{"start":{"line":115,"column":0},"end":{"line":115,"column":10}},"115":{"start":{"line":116,"column":0},"end":{"line":116,"column":15}},"116":{"start":{"line":117,"column":0},"end":{"line":117,"column":23}},"117":{"start":{"line":118,"column":0},"end":{"line":118,"column":20}},"118":{"start":{"line":119,"column":0},"end":{"line":119,"column":21}},"119":{"start":{"line":120,"column":0},"end":{"line":120,"column":39}},"120":{"start":{"line":121,"column":0},"end":{"line":121,"column":29}},"121":{"start":{"line":122,"column":0},"end":{"line":122,"column":58}},"122":{"start":{"line":123,"column":0},"end":{"line":123,"column":10}},"123":{"start":{"line":124,"column":0},"end":{"line":124,"column":27}},"124":{"start":{"line":125,"column":0},"end":{"line":125,"column":30}},"125":{"start":{"line":126,"column":0},"end":{"line":126,"column":28}},"126":{"start":{"line":127,"column":0},"end":{"line":127,"column":24}},"128":{"start":{"line":129,"column":0},"end":{"line":129,"column":29}},"129":{"start":{"line":130,"column":0},"end":{"line":130,"column":47}},"131":{"start":{"line":132,"column":0},"end":{"line":132,"column":18}},"132":{"start":{"line":133,"column":0},"end":{"line":133,"column":32}},"133":{"start":{"line":134,"column":0},"end":{"line":134,"column":21}},"134":{"start":{"line":135,"column":0},"end":{"line":135,"column":27}},"135":{"start":{"line":136,"column":0},"end":{"line":136,"column":25}},"136":{"start":{"line":137,"column":0},"end":{"line":137,"column":71}},"137":{"start":{"line":138,"column":0},"end":{"line":138,"column":33}},"138":{"start":{"line":139,"column":0},"end":{"line":139,"column":14}},"139":{"start":{"line":140,"column":0},"end":{"line":140,"column":13}},"140":{"start":{"line":141,"column":0},"end":{"line":141,"column":19}},"142":{"start":{"line":143,"column":0},"end":{"line":143,"column":16}},"144":{"start":{"line":145,"column":0},"end":{"line":145,"column":1}}},"s":{"0":1,"1":1,"2":1,"3":1,"4":1,"5":1,"8":1,"13":1,"20":1,"40":1,"49":1,"54":1,"60":1,"69":1,"70":22,"71":22,"72":22,"73":22,"75":22,"76":12,"77":6,"78":6,"79":5,"81":5,"82":5,"83":5,"85":5,"86":4,"87":4,"88":5,"89":6,"90":1,"91":6,"92":6,"93":6,"94":6,"96":12,"97":12,"98":22,"100":22,"101":1,"102":1,"103":1,"104":1,"105":1,"106":0,"107":1,"108":1,"110":22,"111":8,"112":8,"114":13,"115":13,"116":13,"117":13,"118":13,"119":13,"120":13,"121":13,"122":13,"123":13,"124":13,"125":13,"126":13,"128":13,"129":2,"131":11,"132":11,"133":11,"134":11,"135":11,"136":11,"137":11,"138":11,"139":11,"140":11,"142":22,"144":22},"branchMap":{"0":{"type":"branch","line":70,"loc":{"start":{"line":70,"column":7},"end":{"line":145,"column":1}},"locations":[{"start":{"line":70,"column":7},"end":{"line":145,"column":1}}]},"1":{"type":"branch","line":111,"loc":{"start":{"line":111,"column":15},"end":{"line":113,"column":3}},"locations":[{"start":{"line":111,"column":15},"end":{"line":113,"column":3}}]},"2":{"type":"branch","line":113,"loc":{"start":{"line":113,"column":2},"end":{"line":130,"column":47}},"locations":[{"start":{"line":113,"column":2},"end":{"line":130,"column":47}}]},"3":{"type":"branch","line":113,"loc":{"start":{"line":113,"column":2},"end":{"line":129,"column":29}},"locations":[{"start":{"line":113,"column":2},"end":{"line":129,"column":29}}]},"4":{"type":"branch","line":129,"loc":{"start":{"line":129,"column":24},"end":{"line":130,"column":47}},"locations":[{"start":{"line":129,"column":24},"end":{"line":130,"column":47}}]},"5":{"type":"branch","line":130,"loc":{"start":{"line":130,"column":34},"end":{"line":141,"column":19}},"locations":[{"start":{"line":130,"column":34},"end":{"line":141,"column":19}}]},"6":{"type":"branch","line":76,"loc":{"start":{"line":76,"column":12},"end":{"line":99,"column":5}},"locations":[{"start":{"line":76,"column":12},"end":{"line":99,"column":5}}]},"7":{"type":"branch","line":77,"loc":{"start":{"line":77,"column":22},"end":{"line":95,"column":6}},"locations":[{"start":{"line":77,"column":22},"end":{"line":95,"column":6}}]},"8":{"type":"branch","line":79,"loc":{"start":{"line":79,"column":50},"end":{"line":90,"column":15}},"locations":[{"start":{"line":79,"column":50},"end":{"line":90,"column":15}}]},"9":{"type":"branch","line":90,"loc":{"start":{"line":90,"column":6},"end":{"line":92,"column":8}},"locations":[{"start":{"line":90,"column":6},"end":{"line":92,"column":8}}]},"10":{"type":"branch","line":82,"loc":{"start":{"line":82,"column":52},"end":{"line":82,"column":71}},"locations":[{"start":{"line":82,"column":52},"end":{"line":82,"column":71}}]},"11":{"type":"branch","line":83,"loc":{"start":{"line":83,"column":47},"end":{"line":83,"column":66}},"locations":[{"start":{"line":83,"column":47},"end":{"line":83,"column":66}}]},"12":{"type":"branch","line":86,"loc":{"start":{"line":86,"column":30},"end":{"line":89,"column":12}},"locations":[{"start":{"line":86,"column":30},"end":{"line":89,"column":12}}]},"13":{"type":"branch","line":98,"loc":{"start":{"line":98,"column":11},"end":{"line":98,"column":45}},"locations":[{"start":{"line":98,"column":11},"end":{"line":98,"column":45}}]},"14":{"type":"branch","line":101,"loc":{"start":{"line":101,"column":21},"end":{"line":109,"column":4}},"locations":[{"start":{"line":101,"column":21},"end":{"line":109,"column":4}}]},"15":{"type":"branch","line":104,"loc":{"start":{"line":104,"column":23},"end":{"line":107,"column":14}},"locations":[{"start":{"line":104,"column":23},"end":{"line":107,"column":14}}]},"16":{"type":"branch","line":106,"loc":{"start":{"line":106,"column":42},"end":{"line":106,"column":56}},"locations":[{"start":{"line":106,"column":42},"end":{"line":106,"column":56}}]},"17":{"type":"branch","line":106,"loc":{"start":{"line":106,"column":58},"end":{"line":107,"column":14}},"locations":[{"start":{"line":106,"column":58},"end":{"line":107,"column":14}}]},"18":{"type":"branch","line":122,"loc":{"start":{"line":122,"column":20},"end":{"line":122,"column":58}},"locations":[{"start":{"line":122,"column":20},"end":{"line":122,"column":58}}]},"19":{"type":"branch","line":133,"loc":{"start":{"line":133,"column":21},"end":{"line":139,"column":14}},"locations":[{"start":{"line":133,"column":21},"end":{"line":139,"column":14}}]},"20":{"type":"branch","line":137,"loc":{"start":{"line":137,"column":46},"end":{"line":137,"column":71}},"locations":[{"start":{"line":137,"column":46},"end":{"line":137,"column":71}}]}},"b":{"0":[22],"1":[8],"2":[21],"3":[13],"4":[2],"5":[11],"6":[12],"7":[6],"8":[5],"9":[1],"10":[4],"11":[4],"12":[4],"13":[12],"14":[1],"15":[1],"16":[0],"17":[0],"18":[5],"19":[11],"20":[0]},"fnMap":{"0":{"name":"Home","decl":{"start":{"line":70,"column":7},"end":{"line":145,"column":1}},"loc":{"start":{"line":70,"column":7},"end":{"line":145,"column":1}},"line":70},"1":{"name":"loadPosts","decl":{"start":{"line":77,"column":22},"end":{"line":95,"column":6}},"loc":{"start":{"line":77,"column":22},"end":{"line":95,"column":6}},"line":77},"2":{"name":"handleLike","decl":{"start":{"line":101,"column":21},"end":{"line":109,"column":4}},"loc":{"start":{"line":101,"column":21},"end":{"line":109,"column":4}},"line":101},"3":{"name":"onChange","decl":{"start":{"line":122,"column":20},"end":{"line":122,"column":58}},"loc":{"start":{"line":122,"column":20},"end":{"line":122,"column":58}},"line":122}},"f":{"0":22,"1":6,"2":1,"3":5}}
,"/workspaces/testing-react-applications-with-jest-and-react-testing-library-6045230/04_solution/src/pages/Login.tsx": {"path":"/workspaces/testing-react-applications-with-jest-and-react-testing-library-6045230/04_solution/src/pages/Login.tsx","all":false,"statementMap":{"0":{"start":{"line":1,"column":0},"end":{"line":1,"column":40}},"1":{"start":{"line":2,"column":0},"end":{"line":2,"column":53}},"2":{"start":{"line":3,"column":0},"end":{"line":3,"column":39}},"3":{"start":{"line":4,"column":0},"end":{"line":4,"column":49}},"4":{"start":{"line":5,"column":0},"end":{"line":5,"column":50}},"6":{"start":{"line":7,"column":0},"end":{"line":7,"column":29}},"11":{"start":{"line":12,"column":0},"end":{"line":12,"column":24}},"18":{"start":{"line":19,"column":0},"end":{"line":19,"column":26}},"25":{"start":{"line":26,"column":0},"end":{"line":26,"column":24}},"31":{"start":{"line":32,"column":0},"end":{"line":32,"column":26}},"36":{"start":{"line":37,"column":0},"end":{"line":37,"column":25}},"40":{"start":{"line":41,"column":0},"end":{"line":41,"column":29}},"45":{"start":{"line":46,"column":0},"end":{"line":46,"column":27}},"60":{"start":{"line":61,"column":0},"end":{"line":61,"column":29}},"68":{"start":{"line":69,"column":0},"end":{"line":69,"column":32}},"80":{"start":{"line":81,"column":0},"end":{"line":81,"column":29}},"108":{"start":{"line":109,"column":0},"end":{"line":109,"column":28}},"126":{"start":{"line":127,"column":0},"end":{"line":127,"column":25}},"127":{"start":{"line":128,"column":0},"end":{"line":128,"column":33}},"128":{"start":{"line":129,"column":0},"end":{"line":129,"column":31}},"129":{"start":{"line":130,"column":0},"end":{"line":130,"column":41}},"130":{"start":{"line":131,"column":0},"end":{"line":131,"column":47}},"131":{"start":{"line":132,"column":0},"end":{"line":132,"column":41}},"132":{"start":{"line":133,"column":0},"end":{"line":133,"column":48}},"134":{"start":{"line":135,"column":0},"end":{"line":135,"column":54}},"135":{"start":{"line":136,"column":0},"end":{"line":136,"column":23}},"136":{"start":{"line":137,"column":0},"end":{"line":137,"column":9}},"137":{"start":{"line":138,"column":0},"end":{"line":138,"column":19}},"138":{"start":{"line":139,"column":0},"end":{"line":139,"column":23}},"139":{"start":{"line":140,"column":0},"end":{"line":140,"column":36}},"140":{"start":{"line":141,"column":0},"end":{"line":141,"column":20}},"141":{"start":{"line":142,"column":0},"end":{"line":142,"column":21}},"142":{"start":{"line":143,"column":0},"end":{"line":143,"column":44}},"143":{"start":{"line":144,"column":0},"end":{"line":144,"column":15}},"144":{"start":{"line":145,"column":0},"end":{"line":145,"column":24}},"145":{"start":{"line":146,"column":0},"end":{"line":146,"column":5}},"146":{"start":{"line":147,"column":0},"end":{"line":147,"column":4}},"148":{"start":{"line":149,"column":0},"end":{"line":149,"column":10}},"149":{"start":{"line":150,"column":0},"end":{"line":150,"column":15}},"150":{"start":{"line":151,"column":0},"end":{"line":151,"column":12}},"151":{"start":{"line":152,"column":0},"end":{"line":152,"column":16}},"152":{"start":{"line":153,"column":0},"end":{"line":153,"column":37}},"153":{"start":{"line":154,"column":0},"end":{"line":154,"column":66}},"154":{"start":{"line":155,"column":0},"end":{"line":155,"column":17}},"156":{"start":{"line":157,"column":0},"end":{"line":157,"column":38}},"157":{"start":{"line":158,"column":0},"end":{"line":158,"column":21}},"158":{"start":{"line":159,"column":0},"end":{"line":159,"column":26}},"159":{"start":{"line":160,"column":0},"end":{"line":160,"column":33}},"160":{"start":{"line":161,"column":0},"end":{"line":161,"column":21}},"161":{"start":{"line":162,"column":0},"end":{"line":162,"column":27}},"164":{"start":{"line":165,"column":0},"end":{"line":165,"column":21}},"165":{"start":{"line":166,"column":0},"end":{"line":166,"column":23}},"166":{"start":{"line":167,"column":0},"end":{"line":167,"column":32}},"167":{"start":{"line":168,"column":0},"end":{"line":168,"column":24}},"168":{"start":{"line":169,"column":0},"end":{"line":169,"column":18}},"169":{"start":{"line":170,"column":0},"end":{"line":170,"column":26}},"170":{"start":{"line":171,"column":0},"end":{"line":171,"column":41}},"171":{"start":{"line":172,"column":0},"end":{"line":172,"column":27}},"172":{"start":{"line":173,"column":0},"end":{"line":173,"column":56}},"173":{"start":{"line":174,"column":0},"end":{"line":174,"column":22}},"174":{"start":{"line":175,"column":0},"end":{"line":175,"column":14}},"175":{"start":{"line":176,"column":0},"end":{"line":176,"column":22}},"177":{"start":{"line":178,"column":0},"end":{"line":178,"column":21}},"178":{"start":{"line":179,"column":0},"end":{"line":179,"column":23}},"179":{"start":{"line":180,"column":0},"end":{"line":180,"column":32}},"180":{"start":{"line":181,"column":0},"end":{"line":181,"column":24}},"181":{"start":{"line":182,"column":0},"end":{"line":182,"column":18}},"182":{"start":{"line":183,"column":0},"end"
[...]
ons":[{"start":{"line":194,"column":76},"end":{"line":194,"column":84}}]},"39":{"type":"branch","line":197,"loc":{"start":{"line":197,"column":21},"end":{"line":202,"column":4}},"locations":[{"start":{"line":197,"column":21},"end":{"line":202,"column":4}}]},"40":{"type":"branch","line":198,"loc":{"start":{"line":198,"column":15},"end":{"line":198,"column":22}},"locations":[{"start":{"line":198,"column":15},"end":{"line":198,"column":22}}]},"41":{"type":"branch","line":201,"loc":{"start":{"line":201,"column":54},"end":{"line":201,"column":60}},"locations":[{"start":{"line":201,"column":54},"end":{"line":201,"column":60}}]},"42":{"type":"branch","line":244,"loc":{"start":{"line":244,"column":39},"end":{"line":245,"column":44}},"locations":[{"start":{"line":244,"column":39},"end":{"line":245,"column":44}}]},"43":{"type":"branch","line":255,"loc":{"start":{"line":255,"column":24},"end":{"line":262,"column":14}},"locations":[{"start":{"line":255,"column":24},"end":{"line":262,"column":14}}]}},"b":{"0":[32],"1":[1],"2":[31],"3":[13],"4":[15],"5":[2],"6":[0],"7":[2],"8":[2],"9":[41],"10":[22],"11":[18],"12":[16],"13":[2],"14":[16],"15":[14],"16":[1],"17":[13],"18":[13],"19":[0],"20":[11],"21":[12],"22":[0],"23":[12],"24":[15],"25":[13],"26":[2],"27":[0],"28":[1],"29":[1],"30":[1],"31":[0],"32":[3],"33":[3],"34":[0],"35":[1],"36":[2],"37":[1],"38":[0],"39":[1],"40":[0],"41":[0],"42":[32],"43":[18]},"fnMap":{"0":{"name":"fetchWithRetry","decl":{"start":{"line":116,"column":23},"end":{"line":125,"column":2}},"loc":{"start":{"line":116,"column":23},"end":{"line":125,"column":2}},"line":116},"1":{"name":"Post","decl":{"start":{"line":127,"column":7},"end":{"line":268,"column":1}},"loc":{"start":{"line":127,"column":7},"end":{"line":268,"column":1}},"line":127},"2":{"name":"loadPost","decl":{"start":{"line":142,"column":21},"end":{"line":162,"column":6}},"loc":{"start":{"line":142,"column":21},"end":{"line":162,"column":6}},"line":142},"3":{"name":"handleComment","decl":{"start":{"line":167,"column":24},"end":{"line":182,"column":4}},"loc":{"start":{"line":167,"column":24},"end":{"line":182,"column":4}},"line":167},"4":{"name":"handleEditComment","decl":{"start":{"line":184,"column":28},"end":{"line":190,"column":4}},"loc":{"start":{"line":184,"column":28},"end":{"line":190,"column":4}},"line":184},"5":{"name":"handleDeleteComment","decl":{"start":{"line":192,"column":30},"end":{"line":195,"column":4}},"loc":{"start":{"line":192,"column":30},"end":{"line":195,"column":4}},"line":192},"6":{"name":"handleLike","decl":{"start":{"line":197,"column":21},"end":{"line":202,"column":4}},"loc":{"start":{"line":197,"column":21},"end":{"line":202,"column":4}},"line":197}},"f":{"0":13,"1":41,"2":13,"3":2,"4":3,"5":1,"6":1}}
,"/workspaces/testing-react-applications-with-jest-and-react-testing-library-6045230/04_solution/src/pages/Register.tsx": {"path":"/workspaces/testing-react-applications-with-jest-and-react-testing-library-6045230/04_solution/src/pages/Register.tsx","all":false,"statementMap":{"0":{"start":{"line":1,"column":0},"end":{"line":1,"column":40}},"1":{"start":{"line":2,"column":0},"end":{"line":2,"column":53}},"2":{"start":{"line":3,"column":0},"end":{"line":3,"column":39}},"3":{"start":{"line":4,"column":0},"end":{"line":4,"column":58}},"4":{"start":{"line":5,"column":0},"end":{"line":5,"column":50}},"6":{"start":{"line":7,"column":0},"end":{"line":7,"column":29}},"11":{"start":{"line":12,"column":0},"end":{"line":12,"column":24}},"18":{"start":{"line":19,"column":0},"end":{"line":19,"column":26}},"25":{"start":{"line":26,"column":0},"end":{"line":26,"column":24}},"31":{"start":{"line":32,"column":0},"end":{"line":32,"column":26}},"36":{"start":{"line":37,"column":0},"end":{"line":37,"column":25}},"40":{"start":{"line":41,"column":0},"end":{"line":41,"column":29}},"44":{"start":{"line":45,"column":0},"end":{"line":45,"column":36}},"48":{"start":{"line":49,"column":0},"end":{"line":49,"column":27}},"63":{"start":{"line":64,"column":0},"end":{"line":64,"column":29}},"71":{"start":{"line":72,"column":0},"end":{"line":72,"column":32}},"83":{"start":{"line":84,"column":0},"end":{"line":84,"column":29}},"111":{"start":{"line":112,"column":0},"end":{"line":112,"column":28}},"129":{"start":{"line":130,"column":0},"end":{"line":130,"column":37}},"137":{"start":{"line":138,"column":0},"end":{"line":138,"column":28}},"138":{"start":{"line":139,"column":0},"end":{"line":139,"column":33}},"139":{"start":{"line":140,"column":0},"end":{"line":140,"column":31}},"140":{"start":{"line":141,"column":0},"end":{"line":141,"column":47}},"141":{"start":{"line":142,"column":0},"end":{"line":142,"column":41}},"142":{"start":{"line":143,"column":0},"end":{"line":143,"column":47}},"143":{"start":{"line":144,"column":0},"end":{"line":144,"column":97}},"144":{"start":{"line":145,"column":0},"end":{"line":145,"column":48}},"146":{"start":{"line":147,"column":0},"end":{"line":147,"column":77}},"148":{"start":{"line":149,"column":0},"end":{"line":149,"column":26}},"149":{"start":{"line":150,"column":0},"end":{"line":150,"column":31}},"150":{"start":{"line":151,"column":0},"end":{"line":151,"column":103}},"152":{"start":{"line":153,"column":0},"end":{"line":153,"column":97}},"154":{"start":{"line":155,"column":0},"end":{"line":155,"column":96}},"156":{"start":{"line":157,"column":0},"end":{"line":157,"column":25}},"157":{"start":{"line":158,"column":0},"end":{"line":158,"column":67}},"158":{"start":{"line":159,"column":0},"end":{"line":159,"column":4}},"160":{"start":{"line":161,"column":0},"end":{"line":161,"column":54}},"161":{"start":{"line":162,"column":0},"end":{"line":162,"column":23}},"162":{"start":{"line":163,"column":0},"end":{"line":163,"column":28}},"163":{"start":{"line":164,"column":0},"end":{"line":164,"column":9}},"164":{"start":{"line":165,"column":0},"end":{"line":165,"column":23}},"165":{"start":{"line":166,"column":0},"end":{"line":166,"column":28}},"166":{"start":{"line":167,"column":0},"end":{"line":167,"column":46}},"167":{"start":{"line":168,"column":0},"end":{"line":168,"column":20}},"168":{"start":{"line":169,"column":0},"end":{"line":169,"column":21}},"169":{"start":{"line":170,"column":0},"end":{"line":170,"column":17}},"170":{"start":{"line":171,"column":0},"end":{"line":171,"column":18}},"171":{"start":{"line":172,"column":0},"end":{"line":172,"column":45}},"172":{"start":{"line":173,"column":0},"end":{"line":173,"column":9}},"173":{"start":{"line":174,"column":0},"end":{"line":174,"column":15}},"174":{"start":{"line":175,"column":0},"end":{"line":175,"column":24}},"175":{"start":{"line":176,"column":0},"end":{"line":176,"column":5}},"176":{"start":{"line":177,"column":0},"end":{"line":177,"column":4}},"178":{"start":{"line":179,"column":0},"end":{"line":179,"column":10}},"179":{"start":{"line":180,"column":0},"end":{"line":180,"column":15}},"180":{"start":{"line":181,"column":0},"end":{"line":181,"column":12}},"181":{"start":{"line":182,"column":0},"end":{"line":182,"column":16}},"182":{"start":{"line":183,"column":0},"end":{"line":183,"column":69}},"183":{"start":{"line":184,"column":0},"end":{"line":184,"column":55}},"184":{"start":{"line":185,"column":0},"end":{"line":185,"column":17}},"186":{"start":{"line":187,"column":0},"end":{"line":187,"column":38}},"187":{"start":{"line":188,"column":0},"end":{"line":188,"column":32}},"188":{"start":{"line":189,"column":0},"end":{"line":189,"column":26}},"189":{"start":{"line":190,"column":0},"end":{"line":190,"column":36}},"190":{"start":{"line":191,"column":0},"end":{"line":191,"column":32}},"191":{"start":{"line":192,"column":0},"end":{"line":192,"column":27}},"193":{"start":{"line":194,"column":0},"end":{"line":194,"column":28}},"194":{"start":{"line":195,"column":0},"end":{"line":195,"column":23}},"196":{"start":{"line":197,"column":0},"end":{"line":197,"column":25}},"197":{"start":{"line":198,"column":0},"end":{"line":198,"column":34}},"198":{"start":{"line":199,"column":0},"end":{"line":199,"column":26}},"199":{"start":{"line":200,"column":0},"end":{"line":200,"column":20}},"200":{"start":{"line":201,"column":0},"end":{"line":201,"column":27}},"201":{"start":{"line":202,"column":0},"end":{"line":202,"column":38}},"202":{"start":{"line":203,"column":0},"end":{"line":203,"column":32}},"203":{"start":{"line":204,"column":0},"end":{"line":204,"column":61}},"204":{"start":{"line":205,"column":0},"end":{"line":205,"column":24}},"205":{"start":{"line":206,"column":0},"end":{"line":206,"column":16}},"207":{"start":{"line":208,"column":0},"end":{"line":208,"column":24}},"208":{"start":{"line":209,"column":0},"end":{"line":209,"column":89}},"209":{"start":{"line":210,"column":0},"end":{"line":210,"column":29}},"210":{"start":{"line":211,"column":0},"end":{"line":211,"column":28}},"211":{"start":{"line":212,"column":0},"end":{"line":212,"column":23}},"212":{"start":{"line":213,"column":0},"end":{"line":213,"column":25}},"213":{"start":{"line":214,"column":0},"end":{"line":214,"column":34}},"214":{"start":{"line":215,"column":0},"end":{"line":215,"column":26}},"215":{"start":{"line":216,"column":0},"end":{"line":216,"column":20}},"216":{"start":{"line":217,"column":0},"end":{"line":217,"column":28}},"217":{"start":{"line":218,"column":0},"end":{"line":218,"column":43}},"218":{"start":{"line":219,"column":0},"end":{"line":219,"column":29}},"219":{"start":{"line":220,"column":0},"end":{"line":220,"column":58}},"220":{"start":{"line":221,"column":0},"end":{"line":221,"column":24}},"221":{"start":{"line":222,"column":0},"end":{"line":222,"column":16}},"224":{"start":{"line":225,"column":0},"end":{"line":225,"column":24}},"225":{"start":{"line":226,"column":0},"end":{"line":226,"column":83}},"226":{"start":{"line":227,"column":0},"end":{"line":227,"column":29}},"227":{"start":{"line":228,"column":0},"end":{"line":228,"column":28}},"228":{"start":{"line":229,"column":0},"end":{"line":229,"column":23}},"230":{"start":{"line":231,"column":0},"end":{"line":231,"column":25}},"231":{"start":{"line":232,"column":0},"end":{"line":232,"column":34}},"232":{"start":{"line":233,"column":0},"end":{"line":233,"column":26}},"233":{"start":{"line":234,"column":0},"end":{"line":234,"column":20}},"234":{"start":{"line":235,"column":0},"end":{"line":235,"column":31}},"235":{"start":{"line":236,"column":0},"end":{"line":236,"column":38}},"236":{"start":{"line":237,"column":0},"end":{"line":237,"column":32}},"237":{"start":{"line":238,"column":0},"end":{"line":238,"column":61}},"238":{"start":{"line":239,"column":0},"end":{"line":239,"column":24}},"239":{"start":{"line":240,"column":0},"end":{"line":240,"column":16}},"240":{"start":{"line":241,"column":0},"end":{"line":241,"column":24}},"241":{"start":{"line":242,"column":0},"end":{"line":242,"column":89}},"242":{"start":{"line":243,"column":0},"end":{"line":243,"column":29}},"244":{"start":{"line":245,"column":0},"end":{"line":245,"column":84}},"245":{"start":{"line":246,"column":0},"end":{"line":246,"column":24}},"246":{"start":{"line":247,"column":0},"end":{"line":247,"column":35}},"248":{"start":{"line":249,"column":0},"end":{"line":249,"column":16}},"249":{"start":{"line":250,"column":0},"end":{"line":250,"column":38}},"251":{"start":{"line":252,"column":0},"end":{"line":252,"column":17}},"253":{"start":{"line":254,"column":0},"end":{"line":254,"column":19}},"255":{"start":{"line":256,"column":0},"end":{"line":256,"column":20}},"257":{"start":{"line":258,"column":0},"end":{"line":258,"column":44}},"258":{"start":{"line":259,"column":0},"end":{"line":259,"column":21}},"259":{"start":{"line":260,"column":0},"end":{"line":260,"column":15}},"260":{"start":{"line":261,"column":0},"end":{"line":261,"column":13}},"261":{"start":{"line":262,"column":0},"end":{"line":262,"column":16}},"263":{"start":{"line":264,"column":0},"end":{"line":264,"column":1}}},"s":{"0":1,"1":1,"2":1,"3":1,"4":1,"6":1,"11":1,"18":1,"25":1,"31":1,"36":1,"40":1,"44":1,"48":1,"63":1,"71":1,"83":1,"111":1,"129":1,"137":1,"138":116,"139":116,"140":116,"141":116,"142":116,"143":116,"144":116,"146":116,"148":116,"149":4,"150":4,"152":4,"154":4,"156":4,"157":4,"158":4,"160":116,"161":4,"162":4,"163":2,"164":2,"165":2,"166":2,"167":1,"168":1,"169":1,"170":1,"171":1,"172":1,"173":4,"174":2,"175":2,"176":4,"178":116,"179":116,"180":116,"181":116,"182":116,"183":116,"184":116,"186":116,"187":116,"188":1,"189":1,"190":1,"191":1,"193":116,"194":116,"196":116,"197":116,"198":116,"199":116,"200":116,"201":116,"202":116,"203":116,"204":116,"205":116,"207":116,"208":116,"209":116,"210":116,"211":116,"212":116,"213":116,"214":116,"215":116,"216":116,"217":116,"218":116,"219":116,"220":116,"221":116,"224":116,"225":116,"226":116,"227":116,"228":116,"230":116,"231":116,"232":116,"233":116,"234":116,"235":116,"236":116,"237":116,"238":116,"239":116,"240":116,"241":116,"242":116,"244":116,"245":116,"246":2,"248":114,"249":114,"251":114,"253":116,"255":116,"257":116,"258":116,"259":116,"260":116,"261":116,"263":116},"branchMap":{"0":{"type":"branch","line":138,"loc":{"start":{"line":138,"column":7},"end":{"line":264,"column":1}},"locations":[{"start":{"line":138,"column":7},"end":{"line":264,"column":1}}]},"1":{"type":"branch","line":188,"loc":{"start":{"line":188,"column":18},"end":{"line":192,"column":27}},"locations":[{"start":{"line":188,"column":18},"end":{"line":192,"column":27}}]},"2":{"type":"branch","line":209,"loc":{"start":{"line":209,"column":20},"end":{"line":209,"column":89}},"locations":[{"start":{"line":209,"column":20},"end":{"line":209,"column":89}}]},"3":{"type":"branch","line":226,"loc":{"start":{"line":226,"column":20},"end":{"line":226,"column":83}},"locations":[{"start":{"line":226,"column":20},"end":{"line":226,"column":83}}]},"4":{"type":"branch","line":242,"loc":{"start":{"line":242,"column":20},"end":{"line":242,"column":89}},"locations":[{"start":{"line":242,"column":20},"end":{"line":242,"column":89}}]},"5":{"type":"branch","line":246,"loc":{"start":{"line":246,"column":13},"end":{"line":247,"column":35}},"locations":[{"start":{"line":246,"column":13},"end":{"line":247,"column":35}}]},"6":{"type":"branch","line":247,"loc":{"start":{"line":247,"column":14},"end":{"line":252,"column":17}},"locations":[{"start":{"line":247,"column":14},"end":{"line":252,"column":17}}]},"7":{"type":"branch","line":149,"loc":{"start":{"line":149,"column":19},"end":{"line":159,"column":4}},"locations":[{"start":{"line":149,"column":19},"end":{"line":159,"column":4}}]},"8":{"type":"branch","line":151,"loc":{"start":{"line":151,"column":36},"end":{"line":151,"column":103}},"locations":[{"start":{"line":151,"column":36},"end":{"line":151,"column":103}}]},"9":{"type":"branch","line":153,"loc":{"start":{"line":153,"column":56},"end":{"line":153,"column":97}},"locations":[{"start":{"line":153,"column":56},"end":{"line":153,"column":97}}]},"10":{"type":"branch","line":155,"loc":{"start":{"line":155,"column":29},"end":{"line":155,"column":96}},"locations":[{"start":{"line":155,"column":29},"end":{"line":155,"column":96}}]},"11":{"type":"branch","line":158,"loc":{"start":{"line":158,"column":42},"end":{"line":158,"column":65}},"locations":[{"start":{"line":158,"column":42},"end":{"line":158,"column":65}}]},"12":{"type":"branch","line":161,"loc":{"start":{"line":161,"column":23},"end":{"line":177,"column":4}},"locations":[{"start":{"line":161,"column":23},"end":{"line":177,"column":4}}]},"13":{"type":"branch","line":163,"loc":{"start":{"line":163,"column":21},"end":{"line":167,"column":46}},"locations":[{"start":{"line":163,"column":21},"end":{"line":167,"column":46}}]},"14":{"type":"branch","line":167,"loc":{"start":{"line":167,"column":44},"end":{"line":174,"column":6}},"locations":[{"start":{"line":167,"column":44},"end":{"line":174,"column":6}}]},"15":{"type":"branch","line":174,"loc":{"start":{"line":174,"column":4},"end":{"line":176,"column":5}},"locations":[{"start":{"line":174,"column":4},"end":{"line":176,"column":5}}]},"16":{"type":"branch","line":204,"loc":{"start":{"line":204,"column":26},"end":{"line":204,"column":61}},"locations":[{"start":{"line":204,"column":26},"end":{"line":204,"column":61}}]},"17":{"type":"branch","line":220,"loc":{"start":{"line":220,"column":26},"end":{"line":220,"column":58}},"locations":[{"start":{"line":220,"column":26},"end":{"line":220,"column":58}}]},"18":{"type":"branch","line":238,"loc":{"start":{"line":238,"column":26},"end":{"line":238,"column":61}},"locations":[{"start":{"line":238,"column":26},"end":{"line":238,"column":61}}]}},"b":{"0":[116],"1":[1],"2":[2],"3":[2],"4":[2],"5":[2],"6":[114],"7":[4],"8":[2],"9":[2],"10":[2],"11":[10],"12":[4],"13":[2],"14":[1],"15":[2],"16":[21],"17":[46],"18":[38]},"fnMap":{"0":{"name":"Register","decl":{"start":{"line":138,"column":7},"end":{"line":264,"column":1}},"loc":{"start":{"line":138,"column":7},"end":{"line":264,"column":1}},"line":138},"1":{"name":"validate","decl":{"start":{"line":149,"column":19},"end":{"line":159,"column":4}},"loc":{"start":{"line":149,"column":19},"end":{"line":159,"column":4}},"line":149},"2":{"name":"handleSubmit","decl":{"start":{"line":161,"column":23},"end":{"line":177,"column":4}},"loc":{"start":{"line":161,"column":23},"end":{"line":177,"column":4}},"line":161},"3":{"name":"onChange","decl":{"start":{"line":204,"column":26},"end":{"line":204,"column":61}},"loc":{"start":{"line":204,"column":26},"end":{"line":204,"column":61}},"line":204},"4":{"name":"onChange","decl":{"start":{"line":220,"column":26},"end":{"line":220,"column":58}},"loc":{"start":{"line":220,"column":26},"end":{"line":220,"column":58}},"line":220},"5":{"name":"onChange","decl":{"start":{"line":238,"column":26},"end":{"line":238,"column":61}},"loc":{"start":{"line":238,"column":26},"end":{"line":238,"column":61}},"line":238}},"f":{"0":116,"1":4,"2":4,"3":21,"4":46,"5":38}}
,"/workspaces/testing-react-applications-with-jest-and-react-testing-library-6045230/04_solution/src/services/post.ts": {"path":"/workspaces/testing-react-applications-with-jest-and-react-testing-library-6045230/04_solution/src/services/post.ts","all":false,"statementMap":{"6":{"start":{"line":7,"column":0},"end":{"line":7,"column":89}},"7":{"start":{"line":8,"column":0},"end":{"line":8,"column":76}},"8":{"start":{"line":9,"column":0},"end":{"line":9,"column":19}},"9":{"start":{"line":10,"column":0},"end":{"line":10,"column":14}},"10":{"start":{"line":11,"column":0},"end":{"line":11,"column":41}},"11":{"start":{"line":12,"column":0},"end":{"line":12,"column":40}},"12":{"start":{"line":13,"column":0},"end":{"line":13,"column":6}},"13":{"start":{"line":14,"column":0},"end":{"line":14,"column":26}},"14":{"start":{"line":15,"column":0},"end":{"line":15,"column":12}},"15":{"start":{"line":16,"column":0},"end":{"line":16,"column":18}},"16":{"start":{"line":17,"column":0},"end":{"line":17,"column":15}},"17":{"start":{"line":18,"column":0},"end":{"line":18,"column":20}},"18":{"start":{"line":19,"column":0},"end":{"line":19,"column":66}},"19":{"start":{"line":20,"column":0},"end":{"line":20,"column":7}},"20":{"start":{"line":21,"column":0},"end":{"line":21,"column":5}},"22":{"start":{"line":23,"column":0},"end":{"line":23,"column":61}},"23":{"start":{"line":24,"column":0},"end":{"line":24,"column":25}},"24":{"start":{"line":25,"column":0},"end":{"line":25,"column":2}}},"s":{"6":1,"7":2,"8":2,"9":2,"10":2,"11":2,"12":2,"13":2,"14":2,"15":2,"16":2,"17":2,"18":2,"19":2,"20":2,"22":2,"23":1,"24":1},"branchMap":{"0":{"type":"branch","line":7,"loc":{"start":{"line":7,"column":26},"end":{"line":25,"column":2}},"locations":[{"start":{"line":7,"column":26},"end":{"line":25,"column":2}}]},"1":{"type":"branch","line":23,"loc":{"start":{"line":23,"column":20},"end":{"line":25,"column":2}},"locations":[{"start":{"line":23,"column":20},"end":{"line":25,"column":2}}]}},"b":{"0":[2],"1":[1]},"fnMap":{"0":{"name":"createPost","decl":{"start":{"line":7,"column":26},"end":{"line":25,"column":2}},"loc":{"start":{"line":7,"column":26},"end":{"line":25,"column":2}},"line":7}},"f":{"0":2}}
}
